mode: set
github.com/bearer/bearer/pkg/classification/interfaces/interfaces.go:69.53,70.32 1 0
github.com/bearer/bearer/pkg/classification/interfaces/interfaces.go:70.32,72.3 1 0
github.com/bearer/bearer/pkg/classification/interfaces/interfaces.go:72.8,74.3 1 0
github.com/bearer/bearer/pkg/classification/interfaces/interfaces.go:77.46,80.40 2 1
github.com/bearer/bearer/pkg/classification/interfaces/interfaces.go:117.2,118.56 2 1
github.com/bearer/bearer/pkg/classification/interfaces/interfaces.go:127.2,131.8 1 1
github.com/bearer/bearer/pkg/classification/interfaces/interfaces.go:80.40,87.41 2 1
github.com/bearer/bearer/pkg/classification/interfaces/interfaces.go:100.3,100.56 1 1
github.com/bearer/bearer/pkg/classification/interfaces/interfaces.go:113.3,113.60 1 1
github.com/bearer/bearer/pkg/classification/interfaces/interfaces.go:87.41,89.18 2 1
github.com/bearer/bearer/pkg/classification/interfaces/interfaces.go:93.4,97.72 2 1
github.com/bearer/bearer/pkg/classification/interfaces/interfaces.go:89.18,91.5 1 0
github.com/bearer/bearer/pkg/classification/interfaces/interfaces.go:100.56,102.18 2 1
github.com/bearer/bearer/pkg/classification/interfaces/interfaces.go:106.4,110.86 2 1
github.com/bearer/bearer/pkg/classification/interfaces/interfaces.go:102.18,104.5 1 0
github.com/bearer/bearer/pkg/classification/interfaces/interfaces.go:118.56,120.17 2 1
github.com/bearer/bearer/pkg/classification/interfaces/interfaces.go:124.3,124.81 1 1
github.com/bearer/bearer/pkg/classification/interfaces/interfaces.go:120.17,122.4 1 0
github.com/bearer/bearer/pkg/classification/interfaces/interfaces.go:134.40,142.2 1 0
github.com/bearer/bearer/pkg/classification/interfaces/interfaces.go:144.97,146.9 2 1
github.com/bearer/bearer/pkg/classification/interfaces/interfaces.go:150.2,151.16 2 1
github.com/bearer/bearer/pkg/classification/interfaces/interfaces.go:156.2,157.16 2 1
github.com/bearer/bearer/pkg/classification/interfaces/interfaces.go:160.2,160.51 1 1
github.com/bearer/bearer/pkg/classification/interfaces/interfaces.go:174.2,175.60 2 1
github.com/bearer/bearer/pkg/classification/interfaces/interfaces.go:182.2,182.16 1 1
github.com/bearer/bearer/pkg/classification/interfaces/interfaces.go:201.2,202.16 2 1
github.com/bearer/bearer/pkg/classification/interfaces/interfaces.go:206.2,206.24 1 1
github.com/bearer/bearer/pkg/classification/interfaces/interfaces.go:247.2,248.16 2 1
github.com/bearer/bearer/pkg/classification/interfaces/interfaces.go:252.2,261.8 1 1
github.com/bearer/bearer/pkg/classification/interfaces/interfaces.go:146.9,148.3 1 0
github.com/bearer/bearer/pkg/classification/interfaces/interfaces.go:151.16,153.3 1 0
github.com/bearer/bearer/pkg/classification/interfaces/interfaces.go:157.16,159.3 1 0
github.com/bearer/bearer/pkg/classification/interfaces/interfaces.go:160.51,171.3 1 0
github.com/bearer/bearer/pkg/classification/interfaces/interfaces.go:175.60,176.33 1 1
github.com/bearer/bearer/pkg/classification/interfaces/interfaces.go:176.33,178.9 2 1
github.com/bearer/bearer/pkg/classification/interfaces/interfaces.go:182.16,184.17 2 1
github.com/bearer/bearer/pkg/classification/interfaces/interfaces.go:188.3,197.9 1 1
github.com/bearer/bearer/pkg/classification/interfaces/interfaces.go:184.17,186.4 1 0
github.com/bearer/bearer/pkg/classification/interfaces/interfaces.go:202.16,204.3 1 0
github.com/bearer/bearer/pkg/classification/interfaces/interfaces.go:206.24,207.30 1 1
github.com/bearer/bearer/pkg/classification/interfaces/interfaces.go:220.3,231.58 2 1
github.com/bearer/bearer/pkg/classification/interfaces/interfaces.go:239.3,243.34 2 1
github.com/bearer/bearer/pkg/classification/interfaces/interfaces.go:207.30,218.4 1 1
github.com/bearer/bearer/pkg/classification/interfaces/interfaces.go:231.58,237.4 2 1
github.com/bearer/bearer/pkg/classification/interfaces/interfaces.go:248.16,250.3 1 0
github.com/bearer/bearer/pkg/classification/interfaces/interfaces.go:264.99,268.44 3 1
github.com/bearer/bearer/pkg/classification/interfaces/interfaces.go:311.2,311.28 1 1
github.com/bearer/bearer/pkg/classification/interfaces/interfaces.go:268.44,269.48 1 1
github.com/bearer/bearer/pkg/classification/interfaces/interfaces.go:282.3,282.41 1 1
github.com/bearer/bearer/pkg/classification/interfaces/interfaces.go:269.48,271.18 2 1
github.com/bearer/bearer/pkg/classification/interfaces/interfaces.go:275.4,275.19 1 1
github.com/bearer/bearer/pkg/classification/interfaces/interfaces.go:271.18,273.5 1 0
github.com/bearer/bearer/pkg/classification/interfaces/interfaces.go:275.19,279.5 1 1
github.com/bearer/bearer/pkg/classification/interfaces/interfaces.go:282.41,284.18 2 1
github.com/bearer/bearer/pkg/classification/interfaces/interfaces.go:288.4,288.19 1 1
github.com/bearer/bearer/pkg/classification/interfaces/interfaces.go:293.4,294.34 2 1
github.com/bearer/bearer/pkg/classification/interfaces/interfaces.go:299.4,307.5 2 1
github.com/bearer/bearer/pkg/classification/interfaces/interfaces.go:284.18,286.5 1 0
github.com/bearer/bearer/pkg/classification/interfaces/interfaces.go:288.19,290.13 1 1
github.com/bearer/bearer/pkg/classification/interfaces/interfaces.go:294.34,296.13 1 1
github.com/bearer/bearer/pkg/classification/dependencies/dependencies.go:34.37,36.2 1 0
github.com/bearer/bearer/pkg/classification/dependencies/dependencies.go:38.31,44.2 1 1
github.com/bearer/bearer/pkg/classification/dependencies/dependencies.go:46.98,49.9 3 1
github.com/bearer/bearer/pkg/classification/dependencies/dependencies.go:56.2,56.47 1 1
github.com/bearer/bearer/pkg/classification/dependencies/dependencies.go:63.2,63.53 1 1
github.com/bearer/bearer/pkg/classification/dependencies/dependencies.go:70.2,70.51 1 1
github.com/bearer/bearer/pkg/classification/dependencies/dependencies.go:89.2,92.8 1 1
github.com/bearer/bearer/pkg/classification/dependencies/dependencies.go:49.9,54.3 1 1
github.com/bearer/bearer/pkg/classification/dependencies/dependencies.go:56.47,61.3 1 1
github.com/bearer/bearer/pkg/classification/dependencies/dependencies.go:63.53,68.3 1 0
github.com/bearer/bearer/pkg/classification/dependencies/dependencies.go:70.51,71.49 1 1
github.com/bearer/bearer/pkg/classification/dependencies/dependencies.go:71.49,72.43 1 1
github.com/bearer/bearer/pkg/classification/dependencies/dependencies.go:72.43,84.10 2 1
github.com/bearer/bearer/pkg/classification/dependencies/dependencies.go:95.82,96.49 1 1
github.com/bearer/bearer/pkg/classification/dependencies/dependencies.go:96.49,100.3 1 1
github.com/bearer/bearer/pkg/classification/dependencies/dependencies.go:100.8,103.3 1 1
github.com/bearer/bearer/pkg/classification/dependencies/dependencies.go:106.48,108.2 1 1
github.com/bearer/bearer/pkg/classification/frameworks/frameworks.go:37.37,39.2 1 0
github.com/bearer/bearer/pkg/classification/frameworks/frameworks.go:41.31,47.2 1 1
github.com/bearer/bearer/pkg/classification/frameworks/frameworks.go:49.97,52.47 2 1
github.com/bearer/bearer/pkg/classification/frameworks/frameworks.go:59.2,59.53 1 1
github.com/bearer/bearer/pkg/classification/frameworks/frameworks.go:66.2,69.9 3 1
github.com/bearer/bearer/pkg/classification/frameworks/frameworks.go:76.2,78.25 2 1
github.com/bearer/bearer/pkg/classification/frameworks/frameworks.go:97.2,100.8 1 1
github.com/bearer/bearer/pkg/classification/frameworks/frameworks.go:52.47,57.3 1 1
github.com/bearer/bearer/pkg/classification/frameworks/frameworks.go:59.53,64.3 1 0
github.com/bearer/bearer/pkg/classification/frameworks/frameworks.go:69.9,74.3 1 1
github.com/bearer/bearer/pkg/classification/frameworks/frameworks.go:78.25,79.52 1 1
github.com/bearer/bearer/pkg/classification/frameworks/frameworks.go:79.52,80.44 1 1
github.com/bearer/bearer/pkg/classification/frameworks/frameworks.go:80.44,92.10 2 1
github.com/bearer/bearer/pkg/classification/frameworks/frameworks.go:103.65,105.2 1 1
github.com/bearer/bearer/pkg/commands/process/filelist/filelist.go:19.148,23.16 3 1
github.com/bearer/bearer/pkg/commands/process/filelist/filelist.go:28.2,28.21 1 1
github.com/bearer/bearer/pkg/commands/process/filelist/filelist.go:33.2,36.91 3 1
github.com/bearer/bearer/pkg/commands/process/filelist/filelist.go:74.2,74.41 1 1
github.com/bearer/bearer/pkg/commands/process/filelist/filelist.go:23.16,26.3 2 0
github.com/bearer/bearer/pkg/commands/process/filelist/filelist.go:28.21,31.3 2 0
github.com/bearer/bearer/pkg/commands/process/filelist/filelist.go:36.91,37.17 1 1
github.com/bearer/bearer/pkg/commands/process/filelist/filelist.go:41.3,42.25 2 1
github.com/bearer/bearer/pkg/commands/process/filelist/filelist.go:46.3,47.17 2 1
github.com/bearer/bearer/pkg/commands/process/filelist/filelist.go:52.3,52.16 1 1
github.com/bearer/bearer/pkg/commands/process/filelist/filelist.go:60.3,60.66 1 1
github.com/bearer/bearer/pkg/commands/process/filelist/filelist.go:66.3,71.13 2 1
github.com/bearer/bearer/pkg/commands/process/filelist/filelist.go:37.17,39.4 1 0
github.com/bearer/bearer/pkg/commands/process/filelist/filelist.go:42.25,44.4 1 1
github.com/bearer/bearer/pkg/commands/process/filelist/filelist.go:47.17,50.4 2 0
github.com/bearer/bearer/pkg/commands/process/filelist/filelist.go:52.16,53.67 1 1
github.com/bearer/bearer/pkg/commands/process/filelist/filelist.go:57.4,57.14 1 1
github.com/bearer/bearer/pkg/commands/process/filelist/filelist.go:53.67,55.5 1 1
github.com/bearer/bearer/pkg/commands/process/filelist/filelist.go:60.66,64.4 2 1
github.com/bearer/bearer/pkg/detectors/csharp/csharp.go:40.55,44.2 1 1
github.com/bearer/bearer/pkg/detectors/csharp/csharp.go:46.67,48.2 1 1
github.com/bearer/bearer/pkg/detectors/csharp/csharp.go:50.112,51.27 1 1
github.com/bearer/bearer/pkg/detectors/csharp/csharp.go:55.2,56.16 2 1
github.com/bearer/bearer/pkg/detectors/csharp/csharp.go:59.2,63.39 3 1
github.com/bearer/bearer/pkg/detectors/csharp/csharp.go:66.2,72.17 1 1
github.com/bearer/bearer/pkg/detectors/csharp/csharp.go:76.2,76.18 1 1
github.com/bearer/bearer/pkg/detectors/csharp/csharp.go:51.27,53.3 1 0
github.com/bearer/bearer/pkg/detectors/csharp/csharp.go:56.16,58.3 1 0
github.com/bearer/bearer/pkg/detectors/csharp/csharp.go:63.39,65.3 1 0
github.com/bearer/bearer/pkg/detectors/csharp/csharp.go:72.17,74.3 1 0
github.com/bearer/bearer/pkg/detectors/csharp/csharp.go:79.40,80.59 1 1
github.com/bearer/bearer/pkg/detectors/csharp/csharp.go:84.2,84.68 1 1
github.com/bearer/bearer/pkg/detectors/csharp/csharp.go:80.59,82.3 1 0
github.com/bearer/bearer/pkg/detectors/csharp/csharp.go:84.68,85.22 1 1
github.com/bearer/bearer/pkg/detectors/csharp/csharp.go:115.3,115.46 1 1
github.com/bearer/bearer/pkg/detectors/csharp/csharp.go:86.72,89.10 2 1
github.com/bearer/bearer/pkg/detectors/csharp/csharp.go:90.24,93.10 2 1
github.com/bearer/bearer/pkg/detectors/csharp/csharp.go:94.28,95.49 1 1
github.com/bearer/bearer/pkg/detectors/csharp/csharp.go:101.86,102.42 1 1
github.com/bearer/bearer/pkg/detectors/csharp/csharp.go:112.4,112.10 1 1
github.com/bearer/bearer/pkg/detectors/csharp/csharp.go:95.49,100.5 3 1
github.com/bearer/bearer/pkg/detectors/csharp/csharp.go:102.42,106.5 2 1
github.com/bearer/bearer/pkg/detectors/csharp/csharp.go:106.38,110.5 2 1
github.com/bearer/bearer/pkg/detectors/csharp/csharp.go:119.60,120.83 1 1
github.com/bearer/bearer/pkg/detectors/csharp/csharp.go:120.83,122.114 2 1
github.com/bearer/bearer/pkg/detectors/csharp/csharp.go:126.3,133.13 6 1
github.com/bearer/bearer/pkg/detectors/csharp/csharp.go:122.114,124.4 1 1
github.com/bearer/bearer/pkg/detectors/csharp/csharp.go:137.39,139.2 1 1
github.com/bearer/bearer/pkg/detectors/csharp/csharp.go:141.47,143.71 2 1
github.com/bearer/bearer/pkg/detectors/csharp/csharp.go:170.2,170.13 1 1
github.com/bearer/bearer/pkg/detectors/csharp/csharp.go:143.71,144.24 1 1
github.com/bearer/bearer/pkg/detectors/csharp/csharp.go:167.3,167.20 1 1
github.com/bearer/bearer/pkg/detectors/csharp/csharp.go:145.33,148.37 1 1
github.com/bearer/bearer/pkg/detectors/csharp/csharp.go:154.37,156.16 1 1
github.com/bearer/bearer/pkg/detectors/csharp/csharp.go:157.36,159.16 1 1
github.com/bearer/bearer/pkg/detectors/csharp/csharp.go:160.28,162.94 1 1
github.com/bearer/bearer/pkg/detectors/csharp/csharp.go:148.37,153.5 1 1
github.com/bearer/bearer/pkg/detectors/csharp/csharp.go:162.94,164.5 1 1
github.com/bearer/bearer/pkg/commands/artifact/run.go:79.10,87.16 3 0
github.com/bearer/bearer/pkg/commands/artifact/run.go:91.2,98.50 5 0
github.com/bearer/bearer/pkg/commands/artifact/run.go:120.2,124.16 3 0
github.com/bearer/bearer/pkg/commands/artifact/run.go:128.2,128.10 1 0
github.com/bearer/bearer/pkg/commands/artifact/run.go:87.16,89.3 1 0
github.com/bearer/bearer/pkg/commands/artifact/run.go:98.50,99.31 1 0
github.com/bearer/bearer/pkg/commands/artifact/run.go:99.31,105.4 4 0
github.com/bearer/bearer/pkg/commands/artifact/run.go:105.9,106.42 1 0
github.com/bearer/bearer/pkg/commands/artifact/run.go:113.4,114.18 2 0
github.com/bearer/bearer/pkg/commands/artifact/run.go:106.42,108.19 2 0
github.com/bearer/bearer/pkg/commands/artifact/run.go:108.19,110.6 1 0
github.com/bearer/bearer/pkg/commands/artifact/run.go:114.18,116.5 1 0
github.com/bearer/bearer/pkg/commands/artifact/run.go:124.16,126.3 1 0
github.com/bearer/bearer/pkg/commands/artifact/run.go:131.35,133.2 1 0
github.com/bearer/bearer/pkg/commands/artifact/run.go:136.51,138.2 1 0
github.com/bearer/bearer/pkg/commands/artifact/run.go:140.115,141.22 1 0
github.com/bearer/bearer/pkg/commands/artifact/run.go:145.2,145.17 1 0
github.com/bearer/bearer/pkg/commands/artifact/run.go:149.2,150.16 2 0
github.com/bearer/bearer/pkg/commands/artifact/run.go:154.2,155.16 2 0
github.com/bearer/bearer/pkg/commands/artifact/run.go:159.2,160.16 2 0
github.com/bearer/bearer/pkg/commands/artifact/run.go:164.2,164.30 1 0
github.com/bearer/bearer/pkg/commands/artifact/run.go:168.2,174.16 2 0
github.com/bearer/bearer/pkg/commands/artifact/run.go:177.2,180.51 3 0
github.com/bearer/bearer/pkg/commands/artifact/run.go:207.2,207.72 1 0
github.com/bearer/bearer/pkg/commands/artifact/run.go:211.2,211.48 1 0
github.com/bearer/bearer/pkg/commands/artifact/run.go:141.22,143.3 1 0
github.com/bearer/bearer/pkg/commands/artifact/run.go:145.17,147.3 1 0
github.com/bearer/bearer/pkg/commands/artifact/run.go:150.16,152.3 1 0
github.com/bearer/bearer/pkg/commands/artifact/run.go:155.16,157.3 1 0
github.com/bearer/bearer/pkg/commands/artifact/run.go:160.16,162.3 1 0
github.com/bearer/bearer/pkg/commands/artifact/run.go:164.30,166.3 1 0
github.com/bearer/bearer/pkg/commands/artifact/run.go:174.16,176.3 1 0
github.com/bearer/bearer/pkg/commands/artifact/run.go:180.51,181.18 1 0
github.com/bearer/bearer/pkg/commands/artifact/run.go:185.3,185.85 1 0
github.com/bearer/bearer/pkg/commands/artifact/run.go:189.3,192.17 3 0
github.com/bearer/bearer/pkg/commands/artifact/run.go:196.3,198.18 2 0
github.com/bearer/bearer/pkg/commands/artifact/run.go:202.3,202.13 1 0
github.com/bearer/bearer/pkg/commands/artifact/run.go:181.18,183.4 1 0
github.com/bearer/bearer/pkg/commands/artifact/run.go:185.85,187.4 1 0
github.com/bearer/bearer/pkg/commands/artifact/run.go:192.17,194.4 1 0
github.com/bearer/bearer/pkg/commands/artifact/run.go:198.18,200.4 1 0
github.com/bearer/bearer/pkg/commands/artifact/run.go:203.17,205.3 1 0
github.com/bearer/bearer/pkg/commands/artifact/run.go:207.72,209.3 1 0
github.com/bearer/bearer/pkg/commands/artifact/run.go:215.62,216.17 1 0
github.com/bearer/bearer/pkg/commands/artifact/run.go:220.2,223.16 3 0
github.com/bearer/bearer/pkg/commands/artifact/run.go:227.2,229.16 3 0
github.com/bearer/bearer/pkg/commands/artifact/run.go:233.2,236.15 3 0
github.com/bearer/bearer/pkg/commands/artifact/run.go:242.2,243.29 2 0
github.com/bearer/bearer/pkg/commands/artifact/run.go:247.2,252.46 4 0
github.com/bearer/bearer/pkg/commands/artifact/run.go:262.2,263.16 2 0
github.com/bearer/bearer/pkg/commands/artifact/run.go:273.2,274.16 2 0
github.com/bearer/bearer/pkg/commands/artifact/run.go:288.2,288.18 1 0
github.com/bearer/bearer/pkg/commands/artifact/run.go:292.2,292.19 1 0
github.com/bearer/bearer/pkg/commands/artifact/run.go:300.2,300.12 1 0
github.com/bearer/bearer/pkg/commands/artifact/run.go:216.17,218.3 1 0
github.com/bearer/bearer/pkg/commands/artifact/run.go:223.16,226.3 2 0
github.com/bearer/bearer/pkg/commands/artifact/run.go:229.16,231.3 1 0
github.com/bearer/bearer/pkg/commands/artifact/run.go:236.15,237.47 1 0
github.com/bearer/bearer/pkg/commands/artifact/run.go:237.47,239.4 1 0
github.com/bearer/bearer/pkg/commands/artifact/run.go:243.29,245.3 1 0
github.com/bearer/bearer/pkg/commands/artifact/run.go:252.46,254.56 1 0
github.com/bearer/bearer/pkg/commands/artifact/run.go:257.3,257.145 1 0
github.com/bearer/bearer/pkg/commands/artifact/run.go:254.56,256.4 1 0
github.com/bearer/bearer/pkg/commands/artifact/run.go:257.145,259.4 1 0
github.com/bearer/bearer/pkg/commands/artifact/run.go:263.16,264.39 1 0
github.com/bearer/bearer/pkg/commands/artifact/run.go:270.3,270.43 1 0
github.com/bearer/bearer/pkg/commands/artifact/run.go:264.39,268.4 3 0
github.com/bearer/bearer/pkg/commands/artifact/run.go:274.16,276.3 1 0
github.com/bearer/bearer/pkg/commands/artifact/run.go:276.8,278.57 2 0
github.com/bearer/bearer/pkg/commands/artifact/run.go:278.57,282.18 4 0
github.com/bearer/bearer/pkg/commands/artifact/run.go:282.18,284.5 1 0
github.com/bearer/bearer/pkg/commands/artifact/run.go:288.18,290.3 1 0
github.com/bearer/bearer/pkg/commands/artifact/run.go:292.19,293.39 1 0
github.com/bearer/bearer/pkg/commands/artifact/run.go:293.39,295.4 1 0
github.com/bearer/bearer/pkg/commands/artifact/run.go:295.9,297.4 1 0
github.com/bearer/bearer/pkg/commands/artifact/run.go:306.17,315.40 6 0
github.com/bearer/bearer/pkg/commands/artifact/run.go:323.2,323.45 1 0
github.com/bearer/bearer/pkg/commands/artifact/run.go:328.2,329.16 2 0
github.com/bearer/bearer/pkg/commands/artifact/run.go:333.2,336.16 3 0
github.com/bearer/bearer/pkg/commands/artifact/run.go:340.2,340.76 1 0
github.com/bearer/bearer/pkg/commands/artifact/run.go:351.2,358.16 2 0
github.com/bearer/bearer/pkg/commands/artifact/run.go:362.2,366.26 3 0
github.com/bearer/bearer/pkg/commands/artifact/run.go:315.40,317.17 2 0
github.com/bearer/bearer/pkg/commands/artifact/run.go:320.3,320.49 1 0
github.com/bearer/bearer/pkg/commands/artifact/run.go:317.17,319.4 1 0
github.com/bearer/bearer/pkg/commands/artifact/run.go:323.45,326.3 1 0
github.com/bearer/bearer/pkg/commands/artifact/run.go:329.16,331.3 1 0
github.com/bearer/bearer/pkg/commands/artifact/run.go:336.16,338.3 1 0
github.com/bearer/bearer/pkg/commands/artifact/run.go:340.76,343.17 3 0
github.com/bearer/bearer/pkg/commands/artifact/run.go:347.3,348.19 2 0
github.com/bearer/bearer/pkg/commands/artifact/run.go:343.17,345.4 1 0
github.com/bearer/bearer/pkg/commands/artifact/run.go:358.16,360.3 1 0
github.com/bearer/bearer/pkg/commands/artifact/run.go:369.38,371.2 1 0
github.com/bearer/bearer/pkg/commands/artifact/run.go:373.62,374.29 1 0
github.com/bearer/bearer/pkg/commands/artifact/run.go:378.2,378.119 1 0
github.com/bearer/bearer/pkg/commands/artifact/run.go:374.29,376.3 1 0
github.com/bearer/bearer/pkg/commands/artifact/run.go:381.101,382.24 1 0
github.com/bearer/bearer/pkg/commands/artifact/run.go:386.2,387.36 2 0
github.com/bearer/bearer/pkg/commands/artifact/run.go:393.2,394.49 2 0
github.com/bearer/bearer/pkg/commands/artifact/run.go:398.2,398.84 1 0
github.com/bearer/bearer/pkg/commands/artifact/run.go:406.2,407.19 2 0
github.com/bearer/bearer/pkg/commands/artifact/run.go:382.24,384.3 1 0
github.com/bearer/bearer/pkg/commands/artifact/run.go:387.36,388.43 1 0
github.com/bearer/bearer/pkg/commands/artifact/run.go:388.43,390.4 1 0
github.com/bearer/bearer/pkg/commands/artifact/run.go:394.49,396.3 1 0
github.com/bearer/bearer/pkg/commands/artifact/run.go:398.84,401.27 2 0
github.com/bearer/bearer/pkg/commands/artifact/run.go:401.27,403.4 1 0
github.com/bearer/bearer/pkg/commands/artifact/run.go:410.176,411.83 1 0
github.com/bearer/bearer/pkg/commands/artifact/run.go:415.2,415.68 1 0
github.com/bearer/bearer/pkg/commands/artifact/run.go:411.83,413.3 1 0
github.com/bearer/bearer/pkg/commands/artifact/run.go:418.92,421.37 2 1
github.com/bearer/bearer/pkg/commands/artifact/run.go:429.2,432.13 3 1
github.com/bearer/bearer/pkg/commands/artifact/run.go:421.37,422.36 1 1
github.com/bearer/bearer/pkg/commands/artifact/run.go:422.36,424.4 1 1
github.com/bearer/bearer/pkg/commands/artifact/run.go:424.9,426.4 1 1
github.com/bearer/bearer/pkg/commands/artifact/run.go:435.117,438.57 2 0
github.com/bearer/bearer/pkg/commands/artifact/run.go:449.2,449.15 1 0
github.com/bearer/bearer/pkg/commands/artifact/run.go:438.57,439.36 1 0
github.com/bearer/bearer/pkg/commands/artifact/run.go:439.36,446.4 1 0
github.com/bearer/bearer/pkg/detectors/beego/beego.go:49.27,51.2 1 1
github.com/bearer/bearer/pkg/detectors/beego/beego.go:53.67,54.62 1 1
github.com/bearer/bearer/pkg/detectors/beego/beego.go:58.2,58.18 1 1
github.com/bearer/bearer/pkg/detectors/beego/beego.go:54.62,56.3 1 0
github.com/bearer/bearer/pkg/detectors/beego/beego.go:61.112,62.29 1 1
github.com/bearer/bearer/pkg/detectors/beego/beego.go:66.2,67.16 2 1
github.com/bearer/bearer/pkg/detectors/beego/beego.go:70.2,73.16 3 1
github.com/bearer/bearer/pkg/detectors/beego/beego.go:77.2,77.68 1 1
github.com/bearer/bearer/pkg/detectors/beego/beego.go:82.2,82.19 1 1
github.com/bearer/bearer/pkg/detectors/beego/beego.go:62.29,64.3 1 1
github.com/bearer/bearer/pkg/detectors/beego/beego.go:67.16,69.3 1 0
github.com/bearer/bearer/pkg/detectors/beego/beego.go:73.16,75.3 1 0
github.com/bearer/bearer/pkg/detectors/beego/beego.go:77.68,79.3 1 0
github.com/bearer/bearer/pkg/detectors/beego/beego.go:85.55,87.16 2 1
github.com/bearer/bearer/pkg/detectors/beego/beego.go:91.2,92.16 2 1
github.com/bearer/bearer/pkg/detectors/beego/beego.go:97.2,98.47 2 1
github.com/bearer/bearer/pkg/detectors/beego/beego.go:109.2,109.83 1 1
github.com/bearer/bearer/pkg/detectors/beego/beego.go:87.16,89.3 1 0
github.com/bearer/bearer/pkg/detectors/beego/beego.go:92.16,95.3 2 0
github.com/bearer/bearer/pkg/detectors/beego/beego.go:98.47,99.32 1 1
github.com/bearer/bearer/pkg/detectors/beego/beego.go:99.32,101.24 2 1
github.com/bearer/bearer/pkg/detectors/beego/beego.go:105.4,105.9 1 1
github.com/bearer/bearer/pkg/detectors/beego/beego.go:101.24,103.5 1 1
github.com/bearer/bearer/pkg/detectors/beego/beego.go:112.98,115.84 2 1
github.com/bearer/bearer/pkg/detectors/beego/beego.go:115.84,124.35 7 1
github.com/bearer/bearer/pkg/detectors/beego/beego.go:142.3,142.13 1 1
github.com/bearer/bearer/pkg/detectors/beego/beego.go:124.35,125.35 1 1
github.com/bearer/bearer/pkg/detectors/beego/beego.go:133.4,138.33 1 1
github.com/bearer/bearer/pkg/detectors/beego/beego.go:125.35,126.36 1 1
github.com/bearer/bearer/pkg/detectors/beego/beego.go:126.36,129.11 3 1
github.com/bearer/bearer/pkg/detectors/beego/beego.go:146.110,149.81 2 1
github.com/bearer/bearer/pkg/detectors/beego/beego.go:175.2,175.21 1 1
github.com/bearer/bearer/pkg/detectors/beego/beego.go:149.81,153.35 3 1
github.com/bearer/bearer/pkg/detectors/beego/beego.go:172.3,172.13 1 1
github.com/bearer/bearer/pkg/detectors/beego/beego.go:153.35,160.31 6 1
github.com/bearer/bearer/pkg/detectors/beego/beego.go:165.4,169.6 1 1
github.com/bearer/bearer/pkg/detectors/beego/beego.go:160.31,163.5 2 1
github.com/bearer/bearer/pkg/detectors/beego/beego.go:178.39,180.2 1 1
github.com/bearer/bearer/pkg/classification/schema/schema.go:24.68,26.2 1 0
github.com/bearer/bearer/pkg/classification/schema/schema.go:46.37,48.2 1 1
github.com/bearer/bearer/pkg/classification/schema/schema.go:62.88,67.40 3 1
github.com/bearer/bearer/pkg/classification/schema/schema.go:71.2,71.53 1 1
github.com/bearer/bearer/pkg/classification/schema/schema.go:75.2,75.53 1 1
github.com/bearer/bearer/pkg/classification/schema/schema.go:79.2,79.27 1 1
github.com/bearer/bearer/pkg/classification/schema/schema.go:83.2,83.103 1 1
github.com/bearer/bearer/pkg/classification/schema/schema.go:88.2,89.42 2 1
github.com/bearer/bearer/pkg/classification/schema/schema.go:98.2,107.37 3 1
github.com/bearer/bearer/pkg/classification/schema/schema.go:117.2,118.81 2 1
github.com/bearer/bearer/pkg/classification/schema/schema.go:122.2,123.29 2 1
github.com/bearer/bearer/pkg/classification/schema/schema.go:129.2,130.44 2 1
github.com/bearer/bearer/pkg/classification/schema/schema.go:134.2,139.27 2 1
github.com/bearer/bearer/pkg/classification/schema/schema.go:67.40,69.3 1 1
github.com/bearer/bearer/pkg/classification/schema/schema.go:71.53,73.3 1 0
github.com/bearer/bearer/pkg/classification/schema/schema.go:75.53,77.3 1 1
github.com/bearer/bearer/pkg/classification/schema/schema.go:79.27,81.3 1 1
github.com/bearer/bearer/pkg/classification/schema/schema.go:83.103,85.3 1 1
github.com/bearer/bearer/pkg/classification/schema/schema.go:89.42,96.3 1 1
github.com/bearer/bearer/pkg/classification/schema/schema.go:107.37,109.49 2 1
github.com/bearer/bearer/pkg/classification/schema/schema.go:113.3,113.104 1 1
github.com/bearer/bearer/pkg/classification/schema/schema.go:109.49,111.4 1 1
github.com/bearer/bearer/pkg/classification/schema/schema.go:118.81,120.3 1 1
github.com/bearer/bearer/pkg/classification/schema/schema.go:123.29,126.3 1 1
github.com/bearer/bearer/pkg/classification/schema/schema.go:130.44,132.3 1 1
github.com/bearer/bearer/pkg/classification/schema/schema.go:142.132,143.44 1 1
github.com/bearer/bearer/pkg/classification/schema/schema.go:154.2,154.14 1 1
github.com/bearer/bearer/pkg/classification/schema/schema.go:143.44,144.97 1 1
github.com/bearer/bearer/pkg/classification/schema/schema.go:148.3,149.31 2 1
github.com/bearer/bearer/pkg/classification/schema/schema.go:144.97,145.12 1 0
github.com/bearer/bearer/pkg/classification/schema/schema.go:149.31,151.4 1 1
github.com/bearer/bearer/pkg/classification/schema/schema.go:157.135,158.44 1 1
github.com/bearer/bearer/pkg/classification/schema/schema.go:169.2,169.14 1 1
github.com/bearer/bearer/pkg/classification/schema/schema.go:158.44,159.97 1 1
github.com/bearer/bearer/pkg/classification/schema/schema.go:163.3,164.34 2 1
github.com/bearer/bearer/pkg/classification/schema/schema.go:159.97,160.12 1 0
github.com/bearer/bearer/pkg/classification/schema/schema.go:164.34,166.4 1 1
github.com/bearer/bearer/pkg/classification/schema/schema.go:172.143,176.75 3 1
github.com/bearer/bearer/pkg/classification/schema/schema.go:217.2,217.23 1 1
github.com/bearer/bearer/pkg/classification/schema/schema.go:176.75,177.84 1 1
github.com/bearer/bearer/pkg/classification/schema/schema.go:181.3,181.64 1 1
github.com/bearer/bearer/pkg/classification/schema/schema.go:185.3,185.54 1 1
github.com/bearer/bearer/pkg/classification/schema/schema.go:189.3,189.104 1 1
github.com/bearer/bearer/pkg/classification/schema/schema.go:193.3,193.92 1 1
github.com/bearer/bearer/pkg/classification/schema/schema.go:197.3,197.47 1 1
github.com/bearer/bearer/pkg/classification/schema/schema.go:201.3,201.42 1 1
github.com/bearer/bearer/pkg/classification/schema/schema.go:205.3,205.83 1 1
github.com/bearer/bearer/pkg/classification/schema/schema.go:209.3,209.43 1 1
github.com/bearer/bearer/pkg/classification/schema/schema.go:213.3,214.8 2 1
github.com/bearer/bearer/pkg/classification/schema/schema.go:177.84,178.12 1 1
github.com/bearer/bearer/pkg/classification/schema/schema.go:181.64,182.12 1 1
github.com/bearer/bearer/pkg/classification/schema/schema.go:185.54,186.12 1 1
github.com/bearer/bearer/pkg/classification/schema/schema.go:189.104,190.12 1 1
github.com/bearer/bearer/pkg/classification/schema/schema.go:193.92,194.12 1 1
github.com/bearer/bearer/pkg/classification/schema/schema.go:197.47,198.12 1 1
github.com/bearer/bearer/pkg/classification/schema/schema.go:201.42,202.12 1 1
github.com/bearer/bearer/pkg/classification/schema/schema.go:205.83,206.12 1 1
github.com/bearer/bearer/pkg/classification/schema/schema.go:209.43,210.12 1 0
github.com/bearer/bearer/pkg/classification/schema/schema.go:220.128,224.70 2 1
github.com/bearer/bearer/pkg/classification/schema/schema.go:249.2,249.23 1 1
github.com/bearer/bearer/pkg/classification/schema/schema.go:224.70,225.52 1 1
github.com/bearer/bearer/pkg/classification/schema/schema.go:229.3,229.54 1 1
github.com/bearer/bearer/pkg/classification/schema/schema.go:233.3,233.92 1 1
github.com/bearer/bearer/pkg/classification/schema/schema.go:237.3,237.47 1 1
github.com/bearer/bearer/pkg/classification/schema/schema.go:241.3,241.120 1 1
github.com/bearer/bearer/pkg/classification/schema/schema.go:245.3,246.8 2 1
github.com/bearer/bearer/pkg/classification/schema/schema.go:225.52,226.12 1 1
github.com/bearer/bearer/pkg/classification/schema/schema.go:229.54,230.12 1 1
github.com/bearer/bearer/pkg/classification/schema/schema.go:233.92,234.12 1 1
github.com/bearer/bearer/pkg/classification/schema/schema.go:237.47,238.12 1 1
github.com/bearer/bearer/pkg/classification/schema/schema.go:241.120,242.12 1 1
github.com/bearer/bearer/pkg/classification/schema/schema.go:257.23,261.57 3 1
github.com/bearer/bearer/pkg/classification/schema/schema.go:284.2,284.21 1 1
github.com/bearer/bearer/pkg/classification/schema/schema.go:292.2,293.39 2 1
github.com/bearer/bearer/pkg/classification/schema/schema.go:297.2,302.27 2 1
github.com/bearer/bearer/pkg/classification/schema/schema.go:261.57,262.87 1 1
github.com/bearer/bearer/pkg/classification/schema/schema.go:267.3,268.32 2 1
github.com/bearer/bearer/pkg/classification/schema/schema.go:274.3,275.36 2 1
github.com/bearer/bearer/pkg/classification/schema/schema.go:281.3,281.113 1 1
github.com/bearer/bearer/pkg/classification/schema/schema.go:262.87,264.12 2 0
github.com/bearer/bearer/pkg/classification/schema/schema.go:268.32,271.12 3 1
github.com/bearer/bearer/pkg/classification/schema/schema.go:275.36,278.12 3 1
github.com/bearer/bearer/pkg/classification/schema/schema.go:284.21,290.3 2 1
github.com/bearer/bearer/pkg/classification/schema/schema.go:293.39,295.3 1 1
github.com/bearer/bearer/pkg/classification/schema/schema.go:305.190,306.57 1 1
github.com/bearer/bearer/pkg/classification/schema/schema.go:336.2,341.27 2 1
github.com/bearer/bearer/pkg/classification/schema/schema.go:306.57,307.97 1 1
github.com/bearer/bearer/pkg/classification/schema/schema.go:313.3,314.27 2 1
github.com/bearer/bearer/pkg/classification/schema/schema.go:320.3,321.35 2 1
github.com/bearer/bearer/pkg/classification/schema/schema.go:327.3,328.36 2 1
github.com/bearer/bearer/pkg/classification/schema/schema.go:333.3,333.105 1 1
github.com/bearer/bearer/pkg/classification/schema/schema.go:307.97,309.12 2 0
github.com/bearer/bearer/pkg/classification/schema/schema.go:314.27,316.12 2 1
github.com/bearer/bearer/pkg/classification/schema/schema.go:321.35,323.12 2 1
github.com/bearer/bearer/pkg/classification/schema/schema.go:328.36,330.12 2 1
github.com/bearer/bearer/pkg/classification/schema/schema.go:344.193,346.57 2 1
github.com/bearer/bearer/pkg/classification/schema/schema.go:369.2,369.32 1 1
github.com/bearer/bearer/pkg/classification/schema/schema.go:378.2,378.60 1 1
github.com/bearer/bearer/pkg/classification/schema/schema.go:346.57,347.97 1 1
github.com/bearer/bearer/pkg/classification/schema/schema.go:352.3,353.33 2 1
github.com/bearer/bearer/pkg/classification/schema/schema.go:358.3,359.44 2 1
github.com/bearer/bearer/pkg/classification/schema/schema.go:365.3,365.105 1 1
github.com/bearer/bearer/pkg/classification/schema/schema.go:347.97,349.12 2 0
github.com/bearer/bearer/pkg/classification/schema/schema.go:353.33,355.12 2 1
github.com/bearer/bearer/pkg/classification/schema/schema.go:359.44,362.12 3 1
github.com/bearer/bearer/pkg/classification/schema/schema.go:369.32,375.3 2 1
github.com/bearer/bearer/pkg/classification/schema/schema.go:381.112,382.41 1 1
github.com/bearer/bearer/pkg/classification/schema/schema.go:390.2,391.33 2 1
github.com/bearer/bearer/pkg/classification/schema/schema.go:399.2,403.27 2 1
github.com/bearer/bearer/pkg/classification/schema/schema.go:382.41,388.3 2 1
github.com/bearer/bearer/pkg/classification/schema/schema.go:391.33,397.3 2 1
github.com/bearer/bearer/pkg/classification/schema/schema.go:406.52,408.2 1 1
github.com/bearer/bearer/pkg/classification/schema/schema.go:410.106,411.75 1 1
github.com/bearer/bearer/pkg/classification/schema/schema.go:415.2,415.25 1 1
github.com/bearer/bearer/pkg/classification/schema/schema.go:411.75,413.3 1 0
github.com/bearer/bearer/pkg/classification/schema/schema.go:418.67,420.57 2 1
github.com/bearer/bearer/pkg/classification/schema/schema.go:428.2,428.24 1 1
github.com/bearer/bearer/pkg/classification/schema/schema.go:420.57,422.115 2 1
github.com/bearer/bearer/pkg/classification/schema/schema.go:422.115,424.9 2 1
github.com/bearer/bearer/pkg/classification/schema/schema.go:431.100,443.40 2 1
github.com/bearer/bearer/pkg/classification/schema/schema.go:447.2,447.27 1 1
github.com/bearer/bearer/pkg/classification/schema/schema.go:443.40,445.3 1 1
github.com/bearer/bearer/pkg/classification/schema/schema.go:450.135,463.2 1 1
github.com/bearer/bearer/pkg/classification/schema/schema.go:465.115,477.2 1 1
github.com/bearer/bearer/pkg/detectors/dependencies/buildgradle/buildgradle.go:10.76,12.2 1 1
github.com/bearer/bearer/pkg/detectors/dependencies/composerjson/composerjson.go:22.73,28.16 6 1
github.com/bearer/bearer/pkg/detectors/dependencies/composerjson/composerjson.go:32.2,36.35 3 1
github.com/bearer/bearer/pkg/detectors/dependencies/composerjson/composerjson.go:61.2,61.15 1 1
github.com/bearer/bearer/pkg/detectors/dependencies/composerjson/composerjson.go:28.16,31.3 2 0
github.com/bearer/bearer/pkg/detectors/dependencies/composerjson/composerjson.go:36.35,37.79 1 1
github.com/bearer/bearer/pkg/detectors/dependencies/composerjson/composerjson.go:40.3,41.52 2 1
github.com/bearer/bearer/pkg/detectors/dependencies/composerjson/composerjson.go:37.79,38.12 1 1
github.com/bearer/bearer/pkg/detectors/dependencies/composerjson/composerjson.go:41.52,44.22 3 1
github.com/bearer/bearer/pkg/detectors/dependencies/composerjson/composerjson.go:47.4,48.22 2 1
github.com/bearer/bearer/pkg/detectors/dependencies/composerjson/composerjson.go:52.4,57.6 1 1
github.com/bearer/bearer/pkg/detectors/dependencies/composerjson/composerjson.go:44.22,46.5 1 0
github.com/bearer/bearer/pkg/detectors/dependencies/composerjson/composerjson.go:48.22,50.5 1 0
github.com/bearer/bearer/pkg/detectors/dependencies/composerlock/composerlock.go:34.73,40.16 6 1
github.com/bearer/bearer/pkg/detectors/dependencies/composerlock/composerlock.go:44.2,48.35 3 1
github.com/bearer/bearer/pkg/detectors/dependencies/composerlock/composerlock.go:63.2,63.15 1 1
github.com/bearer/bearer/pkg/detectors/dependencies/composerlock/composerlock.go:40.16,43.3 2 0
github.com/bearer/bearer/pkg/detectors/dependencies/composerlock/composerlock.go:48.35,51.77 1 1
github.com/bearer/bearer/pkg/detectors/dependencies/composerlock/composerlock.go:55.3,60.5 1 1
github.com/bearer/bearer/pkg/detectors/dependencies/composerlock/composerlock.go:51.77,52.12 1 1
github.com/bearer/bearer/pkg/detectors/dependencies/gemfile/gemfile-lock.go:43.76,50.16 6 1
github.com/bearer/bearer/pkg/detectors/dependencies/gemfile/gemfile-lock.go:55.2,59.21 4 1
github.com/bearer/bearer/pkg/detectors/dependencies/gemfile/gemfile-lock.go:105.2,105.15 1 1
github.com/bearer/bearer/pkg/detectors/dependencies/gemfile/gemfile-lock.go:50.16,53.3 2 0
github.com/bearer/bearer/pkg/detectors/dependencies/gemfile/gemfile-lock.go:59.21,63.10 3 1
github.com/bearer/bearer/pkg/detectors/dependencies/gemfile/gemfile-lock.go:65.97,67.61 2 1
github.com/bearer/bearer/pkg/detectors/dependencies/gemfile/gemfile-lock.go:69.36,70.27 1 1
github.com/bearer/bearer/pkg/detectors/dependencies/gemfile/gemfile-lock.go:72.33,73.25 1 1
github.com/bearer/bearer/pkg/detectors/dependencies/gemfile/gemfile-lock.go:75.28,76.21 1 0
github.com/bearer/bearer/pkg/detectors/dependencies/gemfile/gemfile-lock.go:78.31,79.28 1 1
github.com/bearer/bearer/pkg/detectors/dependencies/gemfile/gemfile-lock.go:81.45,82.24 1 0
github.com/bearer/bearer/pkg/detectors/dependencies/gemfile/gemfile-lock.go:84.30,85.17 1 1
github.com/bearer/bearer/pkg/detectors/dependencies/gemfile/gemfile-lock.go:87.21,88.62 1 1
github.com/bearer/bearer/pkg/detectors/dependencies/gemfile/gemfile-lock.go:90.25,90.25 0 1
github.com/bearer/bearer/pkg/detectors/dependencies/gemfile/gemfile-lock.go:93.23,93.23 0 1
github.com/bearer/bearer/pkg/detectors/dependencies/gemfile/gemfile-lock.go:96.19,96.19 0 0
github.com/bearer/bearer/pkg/detectors/dependencies/gemfile/gemfile-lock.go:99.26,99.26 0 1
github.com/bearer/bearer/pkg/detectors/dependencies/gemfile/gemfile-lock.go:108.13,113.2 3 1
github.com/bearer/bearer/pkg/detectors/dependencies/gemfile/gemfile-lock.go:115.117,116.9 1 1
github.com/bearer/bearer/pkg/detectors/dependencies/gemfile/gemfile-lock.go:118.28,119.33 1 1
github.com/bearer/bearer/pkg/detectors/dependencies/gemfile/gemfile-lock.go:130.46,130.46 0 1
github.com/bearer/bearer/pkg/detectors/dependencies/gemfile/gemfile-lock.go:132.96,133.32 1 1
github.com/bearer/bearer/pkg/detectors/dependencies/gemfile/gemfile-lock.go:134.10,135.43 1 1
github.com/bearer/bearer/pkg/detectors/dependencies/gemfile/gemfile-lock.go:138.3,138.38 1 1
github.com/bearer/bearer/pkg/detectors/dependencies/gemfile/gemfile-lock.go:121.20,121.20 0 0
github.com/bearer/bearer/pkg/detectors/dependencies/gemfile/gemfile-lock.go:123.19,123.19 0 0
github.com/bearer/bearer/pkg/detectors/dependencies/gemfile/gemfile-lock.go:125.19,125.19 0 1
github.com/bearer/bearer/pkg/detectors/dependencies/gemfile/gemfile-lock.go:127.22,127.22 0 0
github.com/bearer/bearer/pkg/detectors/dependencies/gemfile/gemfile-lock.go:135.43,137.4 1 0
github.com/bearer/bearer/pkg/detectors/dependencies/gemfile/gemfile-lock.go:142.86,144.84 2 1
github.com/bearer/bearer/pkg/detectors/dependencies/gemfile/gemfile-lock.go:148.2,152.21 4 1
github.com/bearer/bearer/pkg/detectors/dependencies/gemfile/gemfile-lock.go:144.84,146.3 1 1
github.com/bearer/bearer/pkg/detectors/dependencies/gemfile/gemfile-lock.go:154.9,155.143 1 1
github.com/bearer/bearer/pkg/detectors/dependencies/gemfile/gemfile-lock.go:157.9,157.9 0 1
github.com/bearer/bearer/pkg/detectors/dependencies/gosum/go.go:15.76,22.16 6 1
github.com/bearer/bearer/pkg/detectors/dependencies/gosum/go.go:27.2,29.21 3 1
github.com/bearer/bearer/pkg/detectors/dependencies/gosum/go.go:45.2,45.15 1 1
github.com/bearer/bearer/pkg/detectors/dependencies/gosum/go.go:22.16,25.3 2 0
github.com/bearer/bearer/pkg/detectors/dependencies/gosum/go.go:29.21,31.22 2 1
github.com/bearer/bearer/pkg/detectors/dependencies/gosum/go.go:34.3,38.14 5 1
github.com/bearer/bearer/pkg/detectors/dependencies/gosum/go.go:41.3,42.17 2 1
github.com/bearer/bearer/pkg/detectors/dependencies/gosum/go.go:31.22,32.12 1 1
github.com/bearer/bearer/pkg/detectors/dependencies/gosum/go.go:38.14,39.12 1 1
github.com/bearer/bearer/pkg/detectors/dependencies/ivy/ivy.go:69.45,72.21 3 1
github.com/bearer/bearer/pkg/detectors/dependencies/ivy/ivy.go:77.2,77.13 1 1
github.com/bearer/bearer/pkg/detectors/dependencies/ivy/ivy.go:72.21,74.3 1 1
github.com/bearer/bearer/pkg/detectors/dependencies/ivy/ivy.go:74.8,76.3 1 0
github.com/bearer/bearer/pkg/detectors/dependencies/ivy/ivy.go:80.73,87.16 6 1
github.com/bearer/bearer/pkg/detectors/dependencies/ivy/ivy.go:91.2,95.16 3 1
github.com/bearer/bearer/pkg/detectors/dependencies/ivy/ivy.go:99.2,102.35 3 1
github.com/bearer/bearer/pkg/detectors/dependencies/ivy/ivy.go:124.2,124.8 1 1
github.com/bearer/bearer/pkg/detectors/dependencies/ivy/ivy.go:87.16,89.3 1 0
github.com/bearer/bearer/pkg/detectors/dependencies/ivy/ivy.go:95.16,98.3 2 0
github.com/bearer/bearer/pkg/detectors/dependencies/ivy/ivy.go:102.35,107.80 1 1
github.com/bearer/bearer/pkg/detectors/dependencies/ivy/ivy.go:111.3,121.5 4 1
github.com/bearer/bearer/pkg/detectors/dependencies/ivy/ivy.go:107.80,108.12 1 1
github.com/bearer/bearer/pkg/detectors/dependencies/mvnplugin/mvnplugin.go:34.73,40.16 6 1
github.com/bearer/bearer/pkg/detectors/dependencies/mvnplugin/mvnplugin.go:44.2,47.35 3 1
github.com/bearer/bearer/pkg/detectors/dependencies/mvnplugin/mvnplugin.go:63.2,63.15 1 1
github.com/bearer/bearer/pkg/detectors/dependencies/mvnplugin/mvnplugin.go:40.16,43.3 2 0
github.com/bearer/bearer/pkg/detectors/dependencies/mvnplugin/mvnplugin.go:47.35,50.78 1 1
github.com/bearer/bearer/pkg/detectors/dependencies/mvnplugin/mvnplugin.go:54.3,60.5 1 1
github.com/bearer/bearer/pkg/detectors/dependencies/mvnplugin/mvnplugin.go:50.78,51.12 1 0
github.com/bearer/bearer/pkg/detectors/dependencies/nuget/nuget.go:55.73,61.16 6 1
github.com/bearer/bearer/pkg/detectors/dependencies/nuget/nuget.go:65.2,68.35 3 1
github.com/bearer/bearer/pkg/detectors/dependencies/nuget/nuget.go:82.2,83.35 2 1
github.com/bearer/bearer/pkg/detectors/dependencies/nuget/nuget.go:96.2,98.15 2 1
github.com/bearer/bearer/pkg/detectors/dependencies/nuget/nuget.go:61.16,64.3 2 0
github.com/bearer/bearer/pkg/detectors/dependencies/nuget/nuget.go:68.35,70.79 1 1
github.com/bearer/bearer/pkg/detectors/dependencies/nuget/nuget.go:74.3,79.5 1 1
github.com/bearer/bearer/pkg/detectors/dependencies/nuget/nuget.go:70.79,71.12 1 1
github.com/bearer/bearer/pkg/detectors/dependencies/nuget/nuget.go:83.35,84.89 1 1
github.com/bearer/bearer/pkg/detectors/dependencies/nuget/nuget.go:88.3,93.5 1 1
github.com/bearer/bearer/pkg/detectors/dependencies/nuget/nuget.go:84.89,85.12 1 1
github.com/bearer/bearer/pkg/detectors/dependencies/nuget/nuget.go:101.87,106.30 3 1
github.com/bearer/bearer/pkg/detectors/dependencies/nuget/nuget.go:114.2,114.8 1 1
github.com/bearer/bearer/pkg/detectors/dependencies/nuget/nuget.go:106.30,108.36 2 1
github.com/bearer/bearer/pkg/detectors/dependencies/nuget/nuget.go:108.36,111.4 2 1
github.com/bearer/bearer/pkg/detectors/dependencies/npm/npm.go:54.73,60.16 6 1
github.com/bearer/bearer/pkg/detectors/dependencies/npm/npm.go:64.2,67.35 3 1
github.com/bearer/bearer/pkg/detectors/dependencies/npm/npm.go:81.2,82.35 2 1
github.com/bearer/bearer/pkg/detectors/dependencies/npm/npm.go:95.2,97.15 2 1
github.com/bearer/bearer/pkg/detectors/dependencies/npm/npm.go:60.16,63.3 2 0
github.com/bearer/bearer/pkg/detectors/dependencies/npm/npm.go:67.35,69.77 1 1
github.com/bearer/bearer/pkg/detectors/dependencies/npm/npm.go:73.3,78.5 1 1
github.com/bearer/bearer/pkg/detectors/dependencies/npm/npm.go:69.77,70.12 1 1
github.com/bearer/bearer/pkg/detectors/dependencies/npm/npm.go:82.35,83.81 1 1
github.com/bearer/bearer/pkg/detectors/dependencies/npm/npm.go:87.3,92.5 1 1
github.com/bearer/bearer/pkg/detectors/dependencies/npm/npm.go:83.81,84.12 1 1
github.com/bearer/bearer/pkg/detectors/dependencies/npm/npm.go:100.87,105.30 3 1
github.com/bearer/bearer/pkg/detectors/dependencies/npm/npm.go:113.2,113.8 1 1
github.com/bearer/bearer/pkg/detectors/dependencies/npm/npm.go:105.30,107.36 2 1
github.com/bearer/bearer/pkg/detectors/dependencies/npm/npm.go:107.36,110.4 2 1
github.com/bearer/bearer/pkg/detectors/dependencies/package-config/package-config.go:33.73,39.16 6 1
github.com/bearer/bearer/pkg/detectors/dependencies/package-config/package-config.go:43.2,46.35 3 1
github.com/bearer/bearer/pkg/detectors/dependencies/package-config/package-config.go:61.2,61.15 1 1
github.com/bearer/bearer/pkg/detectors/dependencies/package-config/package-config.go:39.16,42.3 2 0
github.com/bearer/bearer/pkg/detectors/dependencies/package-config/package-config.go:46.35,49.77 1 1
github.com/bearer/bearer/pkg/detectors/dependencies/package-config/package-config.go:53.3,58.5 1 1
github.com/bearer/bearer/pkg/detectors/dependencies/package-config/package-config.go:49.77,50.12 1 1
github.com/bearer/bearer/pkg/detectors/dependencies/package-json/package-json.go:30.73,36.16 6 1
github.com/bearer/bearer/pkg/detectors/dependencies/package-json/package-json.go:40.2,43.35 3 1
github.com/bearer/bearer/pkg/detectors/dependencies/package-json/package-json.go:56.2,56.15 1 1
github.com/bearer/bearer/pkg/detectors/dependencies/package-json/package-json.go:36.16,39.3 2 0
github.com/bearer/bearer/pkg/detectors/dependencies/package-json/package-json.go:43.35,44.89 1 1
github.com/bearer/bearer/pkg/detectors/dependencies/package-json/package-json.go:48.3,53.5 1 1
github.com/bearer/bearer/pkg/detectors/dependencies/package-json/package-json.go:44.89,45.12 1 1
github.com/bearer/bearer/pkg/detectors/dependencies/paket-dependencies/paket-dependencies.go:34.39,35.96 1 1
github.com/bearer/bearer/pkg/detectors/dependencies/paket-dependencies/paket-dependencies.go:38.2,38.13 1 1
github.com/bearer/bearer/pkg/detectors/dependencies/paket-dependencies/paket-dependencies.go:35.96,37.3 1 1
github.com/bearer/bearer/pkg/detectors/dependencies/paket-dependencies/paket-dependencies.go:41.77,48.2 1 1
github.com/bearer/bearer/pkg/detectors/dependencies/paket-dependencies/paket-dependencies.go:50.43,51.22 1 1
github.com/bearer/bearer/pkg/detectors/dependencies/paket-dependencies/paket-dependencies.go:55.2,55.22 1 1
github.com/bearer/bearer/pkg/detectors/dependencies/paket-dependencies/paket-dependencies.go:59.2,59.14 1 1
github.com/bearer/bearer/pkg/detectors/dependencies/paket-dependencies/paket-dependencies.go:51.22,53.3 1 1
github.com/bearer/bearer/pkg/detectors/dependencies/paket-dependencies/paket-dependencies.go:55.22,57.3 1 0
github.com/bearer/bearer/pkg/detectors/dependencies/paket-dependencies/paket-dependencies.go:62.75,69.2 1 1
github.com/bearer/bearer/pkg/detectors/dependencies/paket-dependencies/paket-dependencies.go:71.78,78.2 1 1
github.com/bearer/bearer/pkg/detectors/dependencies/paket-dependencies/paket-dependencies.go:80.76,89.16 7 1
github.com/bearer/bearer/pkg/detectors/dependencies/paket-dependencies/paket-dependencies.go:94.2,96.21 2 1
github.com/bearer/bearer/pkg/detectors/dependencies/paket-dependencies/paket-dependencies.go:104.2,104.49 1 1
github.com/bearer/bearer/pkg/detectors/dependencies/paket-dependencies/paket-dependencies.go:120.2,120.15 1 1
github.com/bearer/bearer/pkg/detectors/dependencies/paket-dependencies/paket-dependencies.go:89.16,92.3 2 0
github.com/bearer/bearer/pkg/detectors/dependencies/paket-dependencies/paket-dependencies.go:96.21,99.20 3 1
github.com/bearer/bearer/pkg/detectors/dependencies/paket-dependencies/paket-dependencies.go:99.20,101.4 1 1
github.com/bearer/bearer/pkg/detectors/dependencies/paket-dependencies/paket-dependencies.go:104.49,106.22 2 1
github.com/bearer/bearer/pkg/detectors/dependencies/paket-dependencies/paket-dependencies.go:110.3,110.20 1 1
github.com/bearer/bearer/pkg/detectors/dependencies/paket-dependencies/paket-dependencies.go:106.22,107.12 1 1
github.com/bearer/bearer/pkg/detectors/dependencies/paket-dependencies/paket-dependencies.go:111.18,112.101 1 1
github.com/bearer/bearer/pkg/detectors/dependencies/paket-dependencies/paket-dependencies.go:113.16,114.99 1 1
github.com/bearer/bearer/pkg/detectors/dependencies/paket-dependencies/paket-dependencies.go:115.19,116.102 1 1
github.com/bearer/bearer/pkg/detectors/dependencies/pipdeptree/pipdeptree.go:29.73,35.16 6 1
github.com/bearer/bearer/pkg/detectors/dependencies/pipdeptree/pipdeptree.go:39.2,42.35 3 1
github.com/bearer/bearer/pkg/detectors/dependencies/pipdeptree/pipdeptree.go:56.2,56.15 1 1
github.com/bearer/bearer/pkg/detectors/dependencies/pipdeptree/pipdeptree.go:35.16,38.3 2 0
github.com/bearer/bearer/pkg/detectors/dependencies/pipdeptree/pipdeptree.go:42.35,44.76 1 1
github.com/bearer/bearer/pkg/detectors/dependencies/pipdeptree/pipdeptree.go:48.3,53.5 1 1
github.com/bearer/bearer/pkg/detectors/dependencies/pipdeptree/pipdeptree.go:44.76,45.12 1 1
github.com/bearer/bearer/pkg/detectors/dependencies/piplock/piplock.go:27.73,33.16 6 1
github.com/bearer/bearer/pkg/detectors/dependencies/piplock/piplock.go:37.2,40.35 3 1
github.com/bearer/bearer/pkg/detectors/dependencies/piplock/piplock.go:53.2,53.15 1 1
github.com/bearer/bearer/pkg/detectors/dependencies/piplock/piplock.go:33.16,36.3 2 0
github.com/bearer/bearer/pkg/detectors/dependencies/piplock/piplock.go:40.35,41.79 1 1
github.com/bearer/bearer/pkg/detectors/dependencies/piplock/piplock.go:45.3,50.5 1 1
github.com/bearer/bearer/pkg/detectors/dependencies/piplock/piplock.go:41.79,42.12 1 1
github.com/bearer/bearer/pkg/detectors/dependencies/poetry/poetry.go:29.73,35.16 6 1
github.com/bearer/bearer/pkg/detectors/dependencies/poetry/poetry.go:39.2,42.35 3 1
github.com/bearer/bearer/pkg/detectors/dependencies/poetry/poetry.go:56.2,56.15 1 1
github.com/bearer/bearer/pkg/detectors/dependencies/poetry/poetry.go:35.16,38.3 2 0
github.com/bearer/bearer/pkg/detectors/dependencies/poetry/poetry.go:42.35,44.77 1 1
github.com/bearer/bearer/pkg/detectors/dependencies/poetry/poetry.go:48.3,53.5 1 1
github.com/bearer/bearer/pkg/detectors/dependencies/poetry/poetry.go:44.77,45.12 1 1
github.com/bearer/bearer/pkg/detectors/dependencies/pom-xml/pom-xml.go:23.73,29.16 6 1
github.com/bearer/bearer/pkg/detectors/dependencies/pom-xml/pom-xml.go:33.2,36.35 3 1
github.com/bearer/bearer/pkg/detectors/dependencies/pom-xml/pom-xml.go:81.2,81.15 1 1
github.com/bearer/bearer/pkg/detectors/dependencies/pom-xml/pom-xml.go:29.16,32.3 2 0
github.com/bearer/bearer/pkg/detectors/dependencies/pom-xml/pom-xml.go:36.35,40.52 3 1
github.com/bearer/bearer/pkg/detectors/dependencies/pom-xml/pom-xml.go:72.3,78.5 1 1
github.com/bearer/bearer/pkg/detectors/dependencies/pom-xml/pom-xml.go:40.52,43.33 2 1
github.com/bearer/bearer/pkg/detectors/dependencies/pom-xml/pom-xml.go:47.4,50.44 3 1
github.com/bearer/bearer/pkg/detectors/dependencies/pom-xml/pom-xml.go:62.4,62.15 1 1
github.com/bearer/bearer/pkg/detectors/dependencies/pom-xml/pom-xml.go:43.33,44.13 1 1
github.com/bearer/bearer/pkg/detectors/dependencies/pom-xml/pom-xml.go:50.44,53.43 2 1
github.com/bearer/bearer/pkg/detectors/dependencies/pom-xml/pom-xml.go:57.5,57.38 1 1
github.com/bearer/bearer/pkg/detectors/dependencies/pom-xml/pom-xml.go:53.43,55.6 1 1
github.com/bearer/bearer/pkg/detectors/dependencies/pom-xml/pom-xml.go:57.38,59.6 1 1
github.com/bearer/bearer/pkg/detectors/dependencies/pom-xml/pom-xml.go:63.19,64.25 1 1
github.com/bearer/bearer/pkg/detectors/dependencies/pom-xml/pom-xml.go:65.22,66.28 1 1
github.com/bearer/bearer/pkg/detectors/dependencies/pom-xml/pom-xml.go:67.19,68.25 1 1
github.com/bearer/bearer/pkg/detectors/dependencies/project-json/project-json.go:30.73,36.16 6 1
github.com/bearer/bearer/pkg/detectors/dependencies/project-json/project-json.go:40.2,43.35 3 1
github.com/bearer/bearer/pkg/detectors/dependencies/project-json/project-json.go:56.2,56.15 1 1
github.com/bearer/bearer/pkg/detectors/dependencies/project-json/project-json.go:36.16,39.3 2 0
github.com/bearer/bearer/pkg/detectors/dependencies/project-json/project-json.go:43.35,44.89 1 1
github.com/bearer/bearer/pkg/detectors/dependencies/project-json/project-json.go:48.3,53.5 1 1
github.com/bearer/bearer/pkg/detectors/dependencies/project-json/project-json.go:44.89,45.12 1 1
github.com/bearer/bearer/pkg/detectors/dependencies/pyproject/pyproject.go:25.73,31.16 6 1
github.com/bearer/bearer/pkg/detectors/dependencies/pyproject/pyproject.go:35.2,38.35 3 1
github.com/bearer/bearer/pkg/detectors/dependencies/pyproject/pyproject.go:51.2,51.15 1 1
github.com/bearer/bearer/pkg/detectors/dependencies/pyproject/pyproject.go:31.16,34.3 2 0
github.com/bearer/bearer/pkg/detectors/dependencies/pyproject/pyproject.go:38.35,39.99 1 1
github.com/bearer/bearer/pkg/detectors/dependencies/pyproject/pyproject.go:43.3,48.5 1 1
github.com/bearer/bearer/pkg/detectors/dependencies/pyproject/pyproject.go:39.99,40.12 1 1
github.com/bearer/bearer/pkg/detectors/dependencies/requirements/requirements.go:16.73,23.16 6 1
github.com/bearer/bearer/pkg/detectors/dependencies/requirements/requirements.go:28.2,29.21 2 1
github.com/bearer/bearer/pkg/detectors/dependencies/requirements/requirements.go:49.2,49.15 1 1
github.com/bearer/bearer/pkg/detectors/dependencies/requirements/requirements.go:23.16,26.3 2 0
github.com/bearer/bearer/pkg/detectors/dependencies/requirements/requirements.go:29.21,31.22 2 1
github.com/bearer/bearer/pkg/detectors/dependencies/requirements/requirements.go:35.3,37.20 3 1
github.com/bearer/bearer/pkg/detectors/dependencies/requirements/requirements.go:41.3,46.5 1 1
github.com/bearer/bearer/pkg/detectors/dependencies/requirements/requirements.go:31.22,32.12 1 1
github.com/bearer/bearer/pkg/detectors/dependencies/requirements/requirements.go:37.20,39.4 1 1
github.com/bearer/bearer/pkg/detectors/django/django.go:52.27,54.2 1 1
github.com/bearer/bearer/pkg/detectors/django/django.go:56.67,58.44 2 1
github.com/bearer/bearer/pkg/detectors/django/django.go:62.2,63.16 2 1
github.com/bearer/bearer/pkg/detectors/django/django.go:67.2,67.63 1 1
github.com/bearer/bearer/pkg/detectors/django/django.go:71.2,71.21 1 1
github.com/bearer/bearer/pkg/detectors/django/django.go:75.2,75.19 1 0
github.com/bearer/bearer/pkg/detectors/django/django.go:58.44,60.3 1 0
github.com/bearer/bearer/pkg/detectors/django/django.go:63.16,65.3 1 0
github.com/bearer/bearer/pkg/detectors/django/django.go:67.63,69.3 1 1
github.com/bearer/bearer/pkg/detectors/django/django.go:71.21,73.3 1 1
github.com/bearer/bearer/pkg/detectors/django/django.go:78.112,79.32 1 1
github.com/bearer/bearer/pkg/detectors/django/django.go:83.2,84.16 2 1
github.com/bearer/bearer/pkg/detectors/django/django.go:87.2,89.72 2 1
github.com/bearer/bearer/pkg/detectors/django/django.go:115.2,115.19 1 1
github.com/bearer/bearer/pkg/detectors/django/django.go:79.32,81.3 1 1
github.com/bearer/bearer/pkg/detectors/django/django.go:84.16,86.3 1 0
github.com/bearer/bearer/pkg/detectors/django/django.go:89.72,97.45 4 1
github.com/bearer/bearer/pkg/detectors/django/django.go:106.3,111.13 2 1
github.com/bearer/bearer/pkg/detectors/django/django.go:97.45,99.24 2 1
github.com/bearer/bearer/pkg/detectors/django/django.go:103.5,103.15 1 1
github.com/bearer/bearer/pkg/detectors/django/django.go:99.24,101.6 1 1
github.com/bearer/bearer/pkg/detectors/django/django.go:118.39,120.2 1 1
github.com/bearer/bearer/pkg/detectors/dependencies/yarnlock/yarnlock.go:22.73,29.16 6 1
github.com/bearer/bearer/pkg/detectors/dependencies/yarnlock/yarnlock.go:34.2,38.21 4 1
github.com/bearer/bearer/pkg/detectors/dependencies/yarnlock/yarnlock.go:78.2,78.15 1 1
github.com/bearer/bearer/pkg/detectors/dependencies/yarnlock/yarnlock.go:29.16,32.3 2 0
github.com/bearer/bearer/pkg/detectors/dependencies/yarnlock/yarnlock.go:38.21,41.10 2 1
github.com/bearer/bearer/pkg/detectors/dependencies/yarnlock/yarnlock.go:44.23,45.12 1 1
github.com/bearer/bearer/pkg/detectors/dependencies/yarnlock/yarnlock.go:49.24,52.25 2 1
github.com/bearer/bearer/pkg/detectors/dependencies/yarnlock/yarnlock.go:55.4,55.24 1 1
github.com/bearer/bearer/pkg/detectors/dependencies/yarnlock/yarnlock.go:59.50,61.45 1 1
github.com/bearer/bearer/pkg/detectors/dependencies/yarnlock/yarnlock.go:64.4,67.18 4 1
github.com/bearer/bearer/pkg/detectors/dependencies/yarnlock/yarnlock.go:70.56,74.31 4 1
github.com/bearer/bearer/pkg/detectors/dependencies/yarnlock/yarnlock.go:52.25,53.13 1 1
github.com/bearer/bearer/pkg/detectors/dependencies/yarnlock/yarnlock.go:61.45,63.5 1 0
github.com/bearer/bearer/pkg/detectors/dependencies/yarnlock/yarnlock.go:81.13,87.2 4 1
github.com/bearer/bearer/pkg/detectors/dotnet/dotnet.go:40.27,42.2 1 1
github.com/bearer/bearer/pkg/detectors/dotnet/dotnet.go:44.67,45.89 1 1
github.com/bearer/bearer/pkg/detectors/dotnet/dotnet.go:49.2,49.18 1 1
github.com/bearer/bearer/pkg/detectors/dotnet/dotnet.go:45.89,47.3 1 0
github.com/bearer/bearer/pkg/detectors/dotnet/dotnet.go:52.112,53.34 1 1
github.com/bearer/bearer/pkg/detectors/dotnet/dotnet.go:57.2,58.16 2 1
github.com/bearer/bearer/pkg/detectors/dotnet/dotnet.go:61.2,63.63 2 1
github.com/bearer/bearer/pkg/detectors/dotnet/dotnet.go:79.2,79.19 1 1
github.com/bearer/bearer/pkg/detectors/dotnet/dotnet.go:53.34,55.3 1 1
github.com/bearer/bearer/pkg/detectors/dotnet/dotnet.go:58.16,60.3 1 0
github.com/bearer/bearer/pkg/detectors/dotnet/dotnet.go:63.63,76.3 7 1
github.com/bearer/bearer/pkg/detectors/dotnet/dotnet.go:82.43,84.16 2 1
github.com/bearer/bearer/pkg/detectors/dotnet/dotnet.go:88.2,88.15 1 1
github.com/bearer/bearer/pkg/detectors/dotnet/dotnet.go:107.2,108.16 2 0
github.com/bearer/bearer/pkg/detectors/dotnet/dotnet.go:112.2,113.21 2 0
github.com/bearer/bearer/pkg/detectors/dotnet/dotnet.go:116.2,116.16 1 0
github.com/bearer/bearer/pkg/detectors/dotnet/dotnet.go:120.2,120.19 1 0
github.com/bearer/bearer/pkg/detectors/dotnet/dotnet.go:84.16,86.3 1 0
github.com/bearer/bearer/pkg/detectors/dotnet/dotnet.go:88.15,90.17 2 1
github.com/bearer/bearer/pkg/detectors/dotnet/dotnet.go:94.3,94.34 1 1
github.com/bearer/bearer/pkg/detectors/dotnet/dotnet.go:90.17,92.4 1 0
github.com/bearer/bearer/pkg/detectors/dotnet/dotnet.go:94.34,96.23 2 1
github.com/bearer/bearer/pkg/detectors/dotnet/dotnet.go:100.4,100.18 1 1
github.com/bearer/bearer/pkg/detectors/dotnet/dotnet.go:96.23,98.5 1 0
github.com/bearer/bearer/pkg/detectors/dotnet/dotnet.go:100.18,102.5 1 1
github.com/bearer/bearer/pkg/detectors/dotnet/dotnet.go:108.16,110.3 1 0
github.com/bearer/bearer/pkg/detectors/dotnet/dotnet.go:113.21,115.3 1 0
github.com/bearer/bearer/pkg/detectors/dotnet/dotnet.go:116.16,118.3 1 0
github.com/bearer/bearer/pkg/detectors/dotnet/dotnet.go:123.51,124.46 1 1
github.com/bearer/bearer/pkg/detectors/dotnet/dotnet.go:128.2,128.19 1 1
github.com/bearer/bearer/pkg/detectors/dotnet/dotnet.go:124.46,126.3 1 0
github.com/bearer/bearer/pkg/detectors/dotnet/dotnet.go:131.39,133.16 2 1
github.com/bearer/bearer/pkg/detectors/dotnet/dotnet.go:137.2,137.30 1 1
github.com/bearer/bearer/pkg/detectors/dotnet/dotnet.go:133.16,135.3 1 0
github.com/bearer/bearer/pkg/detectors/envfile/envfile.go:33.27,35.2 1 1
github.com/bearer/bearer/pkg/detectors/envfile/envfile.go:37.67,39.2 1 1
github.com/bearer/bearer/pkg/detectors/envfile/envfile.go:41.112,42.45 1 1
github.com/bearer/bearer/pkg/detectors/envfile/envfile.go:46.2,47.16 2 1
github.com/bearer/bearer/pkg/detectors/envfile/envfile.go:50.2,52.79 2 1
github.com/bearer/bearer/pkg/detectors/envfile/envfile.go:42.45,44.3 1 0
github.com/bearer/bearer/pkg/detectors/envfile/envfile.go:47.16,49.3 1 0
github.com/bearer/bearer/pkg/detectors/envfile/envfile.go:52.79,61.18 7 1
github.com/bearer/bearer/pkg/detectors/envfile/envfile.go:69.3,69.13 1 1
github.com/bearer/bearer/pkg/detectors/envfile/envfile.go:61.18,67.4 1 1
github.com/bearer/bearer/pkg/detectors/envfile/envfile.go:73.39,75.2 1 1
github.com/bearer/bearer/pkg/detectors/gitleaks/gitleaks.go:27.55,31.16 4 1
github.com/bearer/bearer/pkg/detectors/gitleaks/gitleaks.go:35.2,40.3 2 1
github.com/bearer/bearer/pkg/detectors/gitleaks/gitleaks.go:31.16,33.3 1 0
github.com/bearer/bearer/pkg/detectors/gitleaks/gitleaks.go:43.67,45.2 1 1
github.com/bearer/bearer/pkg/detectors/gitleaks/gitleaks.go:47.112,50.16 2 1
github.com/bearer/bearer/pkg/detectors/gitleaks/gitleaks.go:54.2,54.35 1 1
github.com/bearer/bearer/pkg/detectors/gitleaks/gitleaks.go:68.2,68.19 1 1
github.com/bearer/bearer/pkg/detectors/gitleaks/gitleaks.go:50.16,52.3 1 0
github.com/bearer/bearer/pkg/detectors/gitleaks/gitleaks.go:54.35,66.3 2 1
github.com/bearer/bearer/pkg/detectors/golang/golang.go:42.55,46.2 1 1
github.com/bearer/bearer/pkg/detectors/golang/golang.go:48.67,50.2 1 1
github.com/bearer/bearer/pkg/detectors/golang/golang.go:52.112,53.27 1 1
github.com/bearer/bearer/pkg/detectors/golang/golang.go:57.2,58.16 2 1
github.com/bearer/bearer/pkg/detectors/golang/golang.go:61.2,65.39 3 1
github.com/bearer/bearer/pkg/detectors/golang/golang.go:68.2,74.17 1 1
github.com/bearer/bearer/pkg/detectors/golang/golang.go:78.2,78.18 1 1
github.com/bearer/bearer/pkg/detectors/golang/golang.go:53.27,55.3 1 0
github.com/bearer/bearer/pkg/detectors/golang/golang.go:58.16,60.3 1 0
github.com/bearer/bearer/pkg/detectors/golang/golang.go:65.39,67.3 1 0
github.com/bearer/bearer/pkg/detectors/golang/golang.go:74.17,76.3 1 0
github.com/bearer/bearer/pkg/detectors/golang/golang.go:81.40,83.16 2 1
github.com/bearer/bearer/pkg/detectors/golang/golang.go:87.2,87.68 1 1
github.com/bearer/bearer/pkg/detectors/golang/golang.go:91.2,93.68 2 1
github.com/bearer/bearer/pkg/detectors/golang/golang.go:83.16,85.3 1 0
github.com/bearer/bearer/pkg/detectors/golang/golang.go:87.68,89.3 1 0
github.com/bearer/bearer/pkg/detectors/golang/golang.go:93.68,94.22 1 1
github.com/bearer/bearer/pkg/detectors/golang/golang.go:134.3,134.46 1 1
github.com/bearer/bearer/pkg/detectors/golang/golang.go:95.26,99.63 2 1
github.com/bearer/bearer/pkg/detectors/golang/golang.go:105.28,106.49 1 1
github.com/bearer/bearer/pkg/detectors/golang/golang.go:112.21,115.10 2 1
github.com/bearer/bearer/pkg/detectors/golang/golang.go:117.27,118.53 1 1
github.com/bearer/bearer/pkg/detectors/golang/golang.go:122.59,123.42 1 1
github.com/bearer/bearer/pkg/detectors/golang/golang.go:131.4,131.10 1 1
github.com/bearer/bearer/pkg/detectors/golang/golang.go:99.63,104.5 2 1
github.com/bearer/bearer/pkg/detectors/golang/golang.go:106.49,111.5 3 1
github.com/bearer/bearer/pkg/detectors/golang/golang.go:118.53,120.5 1 1
github.com/bearer/bearer/pkg/detectors/golang/golang.go:123.42,127.5 2 1
github.com/bearer/bearer/pkg/detectors/golang/golang.go:127.38,129.5 1 0
github.com/bearer/bearer/pkg/detectors/golang/golang.go:138.77,139.33 1 1
github.com/bearer/bearer/pkg/detectors/golang/golang.go:143.2,144.56 2 1
github.com/bearer/bearer/pkg/detectors/golang/golang.go:139.33,141.3 1 0
github.com/bearer/bearer/pkg/detectors/golang/golang.go:144.56,145.50 1 1
github.com/bearer/bearer/pkg/detectors/golang/golang.go:145.50,150.34 4 1
github.com/bearer/bearer/pkg/detectors/golang/golang.go:165.4,165.41 1 1
github.com/bearer/bearer/pkg/detectors/golang/golang.go:150.34,153.45 2 1
github.com/bearer/bearer/pkg/detectors/golang/golang.go:162.5,162.21 1 1
github.com/bearer/bearer/pkg/detectors/golang/golang.go:153.45,155.6 1 1
github.com/bearer/bearer/pkg/detectors/golang/golang.go:155.11,156.70 1 1
github.com/bearer/bearer/pkg/detectors/golang/golang.go:159.6,159.25 1 1
github.com/bearer/bearer/pkg/detectors/golang/golang.go:156.70,158.7 1 1
github.com/bearer/bearer/pkg/detectors/golang/golang.go:166.9,168.4 1 0
github.com/bearer/bearer/pkg/detectors/golang/golang.go:172.87,174.25 2 1
github.com/bearer/bearer/pkg/detectors/golang/golang.go:178.2,178.83 1 1
github.com/bearer/bearer/pkg/detectors/golang/golang.go:174.25,176.3 1 1
github.com/bearer/bearer/pkg/detectors/golang/golang.go:178.83,179.71 1 1
github.com/bearer/bearer/pkg/detectors/golang/golang.go:183.3,190.13 6 1
github.com/bearer/bearer/pkg/detectors/golang/golang.go:179.71,181.4 1 1
github.com/bearer/bearer/pkg/detectors/golang/golang.go:194.73,195.34 1 1
github.com/bearer/bearer/pkg/detectors/golang/golang.go:202.2,202.82 1 1
github.com/bearer/bearer/pkg/detectors/golang/golang.go:195.34,197.39 1 1
github.com/bearer/bearer/pkg/detectors/golang/golang.go:197.39,199.4 1 1
github.com/bearer/bearer/pkg/detectors/golang/golang.go:205.39,207.2 1 1
github.com/bearer/bearer/pkg/detectors/golang/golang.go:209.47,211.71 2 1
github.com/bearer/bearer/pkg/detectors/golang/golang.go:229.2,229.13 1 1
github.com/bearer/bearer/pkg/detectors/golang/golang.go:211.71,212.24 1 1
github.com/bearer/bearer/pkg/detectors/golang/golang.go:226.3,226.20 1 1
github.com/bearer/bearer/pkg/detectors/golang/golang.go:213.24,214.39 1 1
github.com/bearer/bearer/pkg/detectors/golang/golang.go:218.27,220.16 1 1
github.com/bearer/bearer/pkg/detectors/golang/golang.go:221.29,223.16 1 1
github.com/bearer/bearer/pkg/detectors/golang/golang.go:214.39,217.5 1 1
github.com/bearer/bearer/pkg/detectors/graphql/graphql.go:39.55,43.2 1 1
github.com/bearer/bearer/pkg/detectors/graphql/graphql.go:45.67,47.2 1 1
github.com/bearer/bearer/pkg/detectors/graphql/graphql.go:49.117,50.32 1 1
github.com/bearer/bearer/pkg/detectors/graphql/graphql.go:54.2,56.18 2 1
github.com/bearer/bearer/pkg/detectors/graphql/graphql.go:50.32,52.3 1 0
github.com/bearer/bearer/pkg/detectors/graphql/graphql.go:62.9,64.16 2 1
github.com/bearer/bearer/pkg/detectors/graphql/graphql.go:67.2,71.76 3 1
github.com/bearer/bearer/pkg/detectors/graphql/graphql.go:122.2,124.12 2 1
github.com/bearer/bearer/pkg/detectors/graphql/graphql.go:64.16,66.3 1 0
github.com/bearer/bearer/pkg/detectors/graphql/graphql.go:71.76,98.48 13 1
github.com/bearer/bearer/pkg/detectors/graphql/graphql.go:102.3,102.34 1 1
github.com/bearer/bearer/pkg/detectors/graphql/graphql.go:112.3,119.13 3 1
github.com/bearer/bearer/pkg/detectors/graphql/graphql.go:98.48,100.4 1 1
github.com/bearer/bearer/pkg/detectors/graphql/graphql.go:102.34,111.4 2 1
github.com/bearer/bearer/pkg/detectors/graphql/graphql.go:127.39,129.2 1 1
github.com/bearer/bearer/pkg/detectors/graphql/graphql.go:131.39,133.20 2 1
github.com/bearer/bearer/pkg/detectors/graphql/graphql.go:134.13,135.33 1 1
github.com/bearer/bearer/pkg/detectors/graphql/graphql.go:136.15,137.33 1 1
github.com/bearer/bearer/pkg/detectors/graphql/graphql.go:138.16,139.33 1 1
github.com/bearer/bearer/pkg/detectors/graphql/graphql.go:140.12,141.33 1 1
github.com/bearer/bearer/pkg/detectors/graphql/graphql.go:142.17,143.31 1 1
github.com/bearer/bearer/pkg/detectors/graphql/graphql.go:144.10,145.33 1 1
github.com/bearer/bearer/pkg/detectors/html/html.go:33.55,37.2 1 1
github.com/bearer/bearer/pkg/detectors/html/html.go:39.67,41.2 1 1
github.com/bearer/bearer/pkg/detectors/html/html.go:43.112,55.29 1 1
github.com/bearer/bearer/pkg/detectors/html/html.go:59.2,61.16 2 1
github.com/bearer/bearer/pkg/detectors/html/html.go:64.2,66.71 2 1
github.com/bearer/bearer/pkg/detectors/html/html.go:55.29,57.3 1 0
github.com/bearer/bearer/pkg/detectors/html/html.go:61.16,63.3 1 0
github.com/bearer/bearer/pkg/detectors/html/html.go:69.130,71.16 2 0
github.com/bearer/bearer/pkg/detectors/html/html.go:75.2,77.62 2 0
github.com/bearer/bearer/pkg/detectors/html/html.go:71.16,73.3 1 0
github.com/bearer/bearer/pkg/detectors/html/html.go:80.119,81.70 1 1
github.com/bearer/bearer/pkg/detectors/html/html.go:81.70,86.45 4 1
github.com/bearer/bearer/pkg/detectors/html/html.go:107.3,107.21 1 1
github.com/bearer/bearer/pkg/detectors/html/html.go:124.3,124.56 1 1
github.com/bearer/bearer/pkg/detectors/html/html.go:139.3,139.13 1 1
github.com/bearer/bearer/pkg/detectors/html/html.go:86.45,88.34 2 1
github.com/bearer/bearer/pkg/detectors/html/html.go:92.4,92.35 1 1
github.com/bearer/bearer/pkg/detectors/html/html.go:88.34,89.13 1 1
github.com/bearer/bearer/pkg/detectors/html/html.go:92.35,93.42 1 1
github.com/bearer/bearer/pkg/detectors/html/html.go:96.5,96.43 1 1
github.com/bearer/bearer/pkg/detectors/html/html.go:93.42,95.6 1 1
github.com/bearer/bearer/pkg/detectors/html/html.go:96.43,98.23 2 1
github.com/bearer/bearer/pkg/detectors/html/html.go:102.6,102.34 1 1
github.com/bearer/bearer/pkg/detectors/html/html.go:98.23,99.15 1 0
github.com/bearer/bearer/pkg/detectors/html/html.go:107.21,110.18 2 1
github.com/bearer/bearer/pkg/detectors/html/html.go:114.4,114.88 1 1
github.com/bearer/bearer/pkg/detectors/html/html.go:121.4,121.14 1 1
github.com/bearer/bearer/pkg/detectors/html/html.go:110.18,112.5 1 0
github.com/bearer/bearer/pkg/detectors/html/html.go:114.88,119.5 1 1
github.com/bearer/bearer/pkg/detectors/html/html.go:124.56,134.18 3 1
github.com/bearer/bearer/pkg/detectors/html/html.go:134.18,136.5 1 0
github.com/bearer/bearer/pkg/detectors/html/html.go:143.59,147.25 3 1
github.com/bearer/bearer/pkg/detectors/html/html.go:159.2,159.19 1 1
github.com/bearer/bearer/pkg/detectors/html/html.go:147.25,150.47 2 1
github.com/bearer/bearer/pkg/detectors/html/html.go:150.47,151.33 1 1
github.com/bearer/bearer/pkg/detectors/html/html.go:155.4,155.52 1 1
github.com/bearer/bearer/pkg/detectors/html/html.go:151.33,152.13 1 0
github.com/bearer/bearer/pkg/detectors/ipynb/ipynb.go:55.55,59.2 1 1
github.com/bearer/bearer/pkg/detectors/ipynb/ipynb.go:61.67,63.2 1 1
github.com/bearer/bearer/pkg/detectors/ipynb/ipynb.go:65.112,66.41 1 1
github.com/bearer/bearer/pkg/detectors/ipynb/ipynb.go:70.2,71.16 2 1
github.com/bearer/bearer/pkg/detectors/ipynb/ipynb.go:74.2,76.58 2 1
github.com/bearer/bearer/pkg/detectors/ipynb/ipynb.go:66.41,68.3 1 0
github.com/bearer/bearer/pkg/detectors/ipynb/ipynb.go:71.16,73.3 1 0
github.com/bearer/bearer/pkg/detectors/ipynb/ipynb.go:79.110,82.35 2 1
github.com/bearer/bearer/pkg/detectors/ipynb/ipynb.go:110.2,110.12 1 1
github.com/bearer/bearer/pkg/detectors/ipynb/ipynb.go:82.35,88.81 1 1
github.com/bearer/bearer/pkg/detectors/ipynb/ipynb.go:92.3,96.43 3 1
github.com/bearer/bearer/pkg/detectors/ipynb/ipynb.go:103.3,105.17 2 1
github.com/bearer/bearer/pkg/detectors/ipynb/ipynb.go:88.81,89.12 1 0
github.com/bearer/bearer/pkg/detectors/ipynb/ipynb.go:96.43,101.4 4 1
github.com/bearer/bearer/pkg/detectors/ipynb/ipynb.go:105.17,107.4 1 0
github.com/bearer/bearer/pkg/detectors/java/java.go:35.55,39.2 1 1
github.com/bearer/bearer/pkg/detectors/java/java.go:41.67,43.2 1 1
github.com/bearer/bearer/pkg/detectors/java/java.go:45.112,46.29 1 1
github.com/bearer/bearer/pkg/detectors/java/java.go:50.2,51.16 2 1
github.com/bearer/bearer/pkg/detectors/java/java.go:54.2,56.39 2 1
github.com/bearer/bearer/pkg/detectors/java/java.go:60.2,68.17 2 1
github.com/bearer/bearer/pkg/detectors/java/java.go:72.2,72.18 1 1
github.com/bearer/bearer/pkg/detectors/java/java.go:46.29,48.3 1 0
github.com/bearer/bearer/pkg/detectors/java/java.go:51.16,53.3 1 0
github.com/bearer/bearer/pkg/detectors/java/java.go:56.39,58.3 1 0
github.com/bearer/bearer/pkg/detectors/java/java.go:68.17,70.3 1 0
github.com/bearer/bearer/pkg/detectors/java/java.go:75.40,76.59 1 1
github.com/bearer/bearer/pkg/detectors/java/java.go:80.2,80.68 1 1
github.com/bearer/bearer/pkg/detectors/java/java.go:76.59,78.3 1 0
github.com/bearer/bearer/pkg/detectors/java/java.go:80.68,81.22 1 1
github.com/bearer/bearer/pkg/detectors/java/java.go:111.3,111.46 1 1
github.com/bearer/bearer/pkg/detectors/java/java.go:82.28,83.49 1 1
github.com/bearer/bearer/pkg/detectors/java/java.go:89.21,92.10 2 1
github.com/bearer/bearer/pkg/detectors/java/java.go:93.37,94.42 1 1
github.com/bearer/bearer/pkg/detectors/java/java.go:102.4,102.10 1 1
github.com/bearer/bearer/pkg/detectors/java/java.go:103.25,106.10 2 1
github.com/bearer/bearer/pkg/detectors/java/java.go:107.166,108.10 1 1
github.com/bearer/bearer/pkg/detectors/java/java.go:83.49,88.5 3 1
github.com/bearer/bearer/pkg/detectors/java/java.go:94.42,96.5 1 1
github.com/bearer/bearer/pkg/detectors/java/java.go:96.38,100.5 2 1
github.com/bearer/bearer/pkg/detectors/java/java.go:115.60,116.83 1 1
github.com/bearer/bearer/pkg/detectors/java/java.go:116.83,119.47 3 1
github.com/bearer/bearer/pkg/detectors/java/java.go:123.3,131.13 7 1
github.com/bearer/bearer/pkg/detectors/java/java.go:119.47,121.4 1 1
github.com/bearer/bearer/pkg/detectors/java/java.go:135.39,137.2 1 1
github.com/bearer/bearer/pkg/detectors/java/java.go:139.47,140.71 1 1
github.com/bearer/bearer/pkg/detectors/java/java.go:147.2,147.13 1 1
github.com/bearer/bearer/pkg/detectors/java/java.go:140.71,142.38 1 1
github.com/bearer/bearer/pkg/detectors/java/java.go:142.38,144.4 1 1
github.com/bearer/bearer/pkg/detectors/javascript/javascript.go:43.55,47.2 1 1
github.com/bearer/bearer/pkg/detectors/javascript/javascript.go:49.67,51.2 1 1
github.com/bearer/bearer/pkg/detectors/javascript/javascript.go:53.112,54.35 1 1
github.com/bearer/bearer/pkg/detectors/javascript/javascript.go:58.2,59.16 2 1
github.com/bearer/bearer/pkg/detectors/javascript/javascript.go:62.2,64.43 2 1
github.com/bearer/bearer/pkg/detectors/javascript/javascript.go:54.35,56.3 1 0
github.com/bearer/bearer/pkg/detectors/javascript/javascript.go:59.16,61.3 1 0
github.com/bearer/bearer/pkg/detectors/javascript/javascript.go:73.17,80.16 3 0
github.com/bearer/bearer/pkg/detectors/javascript/javascript.go:83.2,88.18 4 0
github.com/bearer/bearer/pkg/detectors/javascript/javascript.go:80.16,82.3 1 0
github.com/bearer/bearer/pkg/detectors/javascript/javascript.go:91.94,92.65 1 1
github.com/bearer/bearer/pkg/detectors/javascript/javascript.go:96.2,104.17 2 1
github.com/bearer/bearer/pkg/detectors/javascript/javascript.go:108.2,108.18 1 1
github.com/bearer/bearer/pkg/detectors/javascript/javascript.go:92.65,94.3 1 0
github.com/bearer/bearer/pkg/detectors/javascript/javascript.go:104.17,106.3 1 0
github.com/bearer/bearer/pkg/detectors/javascript/javascript.go:111.81,112.86 1 1
github.com/bearer/bearer/pkg/detectors/javascript/javascript.go:116.2,116.68 1 1
github.com/bearer/bearer/pkg/detectors/javascript/javascript.go:112.86,114.3 1 0
github.com/bearer/bearer/pkg/detectors/javascript/javascript.go:116.68,117.22 1 1
github.com/bearer/bearer/pkg/detectors/javascript/javascript.go:148.3,148.46 1 1
github.com/bearer/bearer/pkg/detectors/javascript/javascript.go:118.32,121.10 2 1
github.com/bearer/bearer/pkg/detectors/javascript/javascript.go:122.28,123.49 1 1
github.com/bearer/bearer/pkg/detectors/javascript/javascript.go:129.44,132.10 2 1
github.com/bearer/bearer/pkg/detectors/javascript/javascript.go:134.36,135.42 1 1
github.com/bearer/bearer/pkg/detectors/javascript/javascript.go:145.4,145.10 1 1
github.com/bearer/bearer/pkg/detectors/javascript/javascript.go:123.49,128.5 3 1
github.com/bearer/bearer/pkg/detectors/javascript/javascript.go:135.42,139.5 2 1
github.com/bearer/bearer/pkg/detectors/javascript/javascript.go:139.38,143.5 2 1
github.com/bearer/bearer/pkg/detectors/javascript/javascript.go:152.81,153.64 1 1
github.com/bearer/bearer/pkg/detectors/javascript/javascript.go:153.64,154.52 1 1
github.com/bearer/bearer/pkg/detectors/javascript/javascript.go:158.3,166.13 7 1
github.com/bearer/bearer/pkg/detectors/javascript/javascript.go:154.52,156.4 1 1
github.com/bearer/bearer/pkg/detectors/javascript/javascript.go:170.39,172.2 1 1
github.com/bearer/bearer/pkg/detectors/javascript/javascript.go:174.47,176.71 2 1
github.com/bearer/bearer/pkg/detectors/javascript/javascript.go:200.2,200.13 1 1
github.com/bearer/bearer/pkg/detectors/javascript/javascript.go:176.71,177.24 1 1
github.com/bearer/bearer/pkg/detectors/javascript/javascript.go:197.3,197.20 1 1
github.com/bearer/bearer/pkg/detectors/javascript/javascript.go:178.20,180.16 1 0
github.com/bearer/bearer/pkg/detectors/javascript/javascript.go:181.15,182.54 1 1
github.com/bearer/bearer/pkg/detectors/javascript/javascript.go:186.27,188.16 1 1
github.com/bearer/bearer/pkg/detectors/javascript/javascript.go:189.31,191.16 1 1
github.com/bearer/bearer/pkg/detectors/javascript/javascript.go:192.50,194.16 1 0
github.com/bearer/bearer/pkg/detectors/javascript/javascript.go:182.54,185.5 1 1
github.com/bearer/bearer/pkg/detectors/openapi/openapi.go:33.55,37.2 1 1
github.com/bearer/bearer/pkg/detectors/openapi/openapi.go:39.67,41.2 1 1
github.com/bearer/bearer/pkg/detectors/openapi/openapi.go:43.117,47.16 3 1
github.com/bearer/bearer/pkg/detectors/openapi/openapi.go:52.2,52.18 1 1
github.com/bearer/bearer/pkg/detectors/openapi/openapi.go:63.2,63.19 1 1
github.com/bearer/bearer/pkg/detectors/openapi/openapi.go:47.16,50.3 2 0
github.com/bearer/bearer/pkg/detectors/openapi/openapi.go:53.34,54.64 1 1
github.com/bearer/bearer/pkg/detectors/openapi/openapi.go:55.34,56.64 1 1
github.com/bearer/bearer/pkg/detectors/openapi/openapi.go:57.34,58.64 1 1
github.com/bearer/bearer/pkg/detectors/openapi/openapi.go:59.34,60.64 1 1
github.com/bearer/bearer/pkg/detectors/openapi/openapi.go:66.74,68.55 2 1
github.com/bearer/bearer/pkg/detectors/openapi/openapi.go:72.2,73.16 2 1
github.com/bearer/bearer/pkg/detectors/openapi/openapi.go:77.2,78.20 2 1
github.com/bearer/bearer/pkg/detectors/openapi/openapi.go:94.2,95.25 2 1
github.com/bearer/bearer/pkg/detectors/openapi/openapi.go:100.2,100.25 1 1
github.com/bearer/bearer/pkg/detectors/openapi/openapi.go:104.2,104.50 1 1
github.com/bearer/bearer/pkg/detectors/openapi/openapi.go:112.2,112.20 1 1
github.com/bearer/bearer/pkg/detectors/openapi/openapi.go:68.55,70.3 1 0
github.com/bearer/bearer/pkg/detectors/openapi/openapi.go:73.16,75.3 1 0
github.com/bearer/bearer/pkg/detectors/openapi/openapi.go:78.20,79.21 1 1
github.com/bearer/bearer/pkg/detectors/openapi/openapi.go:83.3,84.17 2 1
github.com/bearer/bearer/pkg/detectors/openapi/openapi.go:79.21,81.4 1 1
github.com/bearer/bearer/pkg/detectors/openapi/openapi.go:84.17,86.4 1 0
github.com/bearer/bearer/pkg/detectors/openapi/openapi.go:87.8,89.17 2 1
github.com/bearer/bearer/pkg/detectors/openapi/openapi.go:89.17,91.4 1 0
github.com/bearer/bearer/pkg/detectors/openapi/openapi.go:95.25,97.3 1 1
github.com/bearer/bearer/pkg/detectors/openapi/openapi.go:100.25,102.3 1 0
github.com/bearer/bearer/pkg/detectors/openapi/openapi.go:104.50,105.21 1 1
github.com/bearer/bearer/pkg/detectors/openapi/openapi.go:105.21,107.4 1 1
github.com/bearer/bearer/pkg/detectors/openapi/openapi.go:107.9,109.4 1 1
github.com/bearer/bearer/pkg/detectors/openapi/openapi.go:112.20,114.3 1 1
github.com/bearer/bearer/pkg/detectors/openapi/openapi.go:114.8,116.3 1 1
github.com/bearer/bearer/pkg/detectors/openapi/openapi.go:120.33,122.2 1 1
github.com/bearer/bearer/pkg/detectors/php/php.go:44.55,48.2 1 1
github.com/bearer/bearer/pkg/detectors/php/php.go:50.67,52.2 1 1
github.com/bearer/bearer/pkg/detectors/php/php.go:54.117,55.28 1 1
github.com/bearer/bearer/pkg/detectors/php/php.go:59.2,60.16 2 1
github.com/bearer/bearer/pkg/detectors/php/php.go:63.2,63.37 1 1
github.com/bearer/bearer/pkg/detectors/php/php.go:67.2,68.16 2 1
github.com/bearer/bearer/pkg/detectors/php/php.go:71.2,82.39 8 1
github.com/bearer/bearer/pkg/detectors/php/php.go:86.2,86.81 1 1
github.com/bearer/bearer/pkg/detectors/php/php.go:90.2,97.4 1 1
github.com/bearer/bearer/pkg/detectors/php/php.go:55.28,57.3 1 0
github.com/bearer/bearer/pkg/detectors/php/php.go:60.16,62.3 1 0
github.com/bearer/bearer/pkg/detectors/php/php.go:63.37,65.3 1 1
github.com/bearer/bearer/pkg/detectors/php/php.go:68.16,70.3 1 0
github.com/bearer/bearer/pkg/detectors/php/php.go:82.39,84.3 1 0
github.com/bearer/bearer/pkg/detectors/php/php.go:86.81,88.3 1 0
github.com/bearer/bearer/pkg/detectors/php/php.go:101.124,104.35 2 1
github.com/bearer/bearer/pkg/detectors/php/php.go:112.2,112.12 1 1
github.com/bearer/bearer/pkg/detectors/php/php.go:104.35,107.17 2 1
github.com/bearer/bearer/pkg/detectors/php/php.go:107.17,109.4 1 0
github.com/bearer/bearer/pkg/detectors/php/php.go:115.40,116.59 1 1
github.com/bearer/bearer/pkg/detectors/php/php.go:120.2,120.68 1 1
github.com/bearer/bearer/pkg/detectors/php/php.go:116.59,118.3 1 0
github.com/bearer/bearer/pkg/detectors/php/php.go:120.68,121.22 1 1
github.com/bearer/bearer/pkg/detectors/php/php.go:171.3,171.46 1 1
github.com/bearer/bearer/pkg/detectors/php/php.go:122.28,123.49 1 1
github.com/bearer/bearer/pkg/detectors/php/php.go:130.26,132.29 1 1
github.com/bearer/bearer/pkg/detectors/php/php.go:143.4,143.10 1 1
github.com/bearer/bearer/pkg/detectors/php/php.go:145.17,149.10 3 1
github.com/bearer/bearer/pkg/detectors/php/php.go:151.24,154.10 2 1
github.com/bearer/bearer/pkg/detectors/php/php.go:156.15,157.58 1 1
github.com/bearer/bearer/pkg/detectors/php/php.go:161.4,161.10 1 1
github.com/bearer/bearer/pkg/detectors/php/php.go:163.32,164.27 1 0
github.com/bearer/bearer/pkg/detectors/php/php.go:168.4,168.10 1 0
github.com/bearer/bearer/pkg/detectors/php/php.go:123.49,128.5 3 1
github.com/bearer/bearer/pkg/detectors/php/php.go:132.29,136.6 2 0
github.com/bearer/bearer/pkg/detectors/php/php.go:137.36,141.6 2 1
github.com/bearer/bearer/pkg/detectors/php/php.go:157.58,159.5 1 1
github.com/bearer/bearer/pkg/detectors/php/php.go:164.27,166.5 1 0
github.com/bearer/bearer/pkg/detectors/php/php.go:175.60,176.83 1 1
github.com/bearer/bearer/pkg/detectors/php/php.go:176.83,177.48 1 1
github.com/bearer/bearer/pkg/detectors/php/php.go:181.3,188.13 6 1
github.com/bearer/bearer/pkg/detectors/php/php.go:177.48,179.4 1 1
github.com/bearer/bearer/pkg/detectors/php/php.go:192.47,194.71 2 1
[...]
github.com/bearer/bearer/pkg/util/url/url.go:414.66,416.28 2 1
github.com/bearer/bearer/pkg/util/url/url.go:419.2,419.28 1 1
github.com/bearer/bearer/pkg/util/url/url.go:422.2,422.28 1 1
github.com/bearer/bearer/pkg/util/url/url.go:426.2,426.44 1 1
github.com/bearer/bearer/pkg/util/url/url.go:416.28,418.3 1 1
github.com/bearer/bearer/pkg/util/url/url.go:419.28,421.3 1 1
github.com/bearer/bearer/pkg/util/url/url.go:422.28,424.3 1 1
github.com/bearer/bearer/pkg/util/url/url.go:429.45,431.2 1 1
github.com/bearer/bearer/pkg/util/url/url.go:433.64,435.58 2 1
github.com/bearer/bearer/pkg/util/url/url.go:438.2,438.57 1 1
github.com/bearer/bearer/pkg/util/url/url.go:435.58,437.3 1 1
github.com/bearer/bearer/pkg/util/url/url.go:441.41,444.2 2 1
github.com/bearer/bearer/pkg/util/url/url.go:446.37,449.2 2 1
github.com/bearer/bearer/pkg/util/url/url.go:451.45,454.2 2 1
github.com/bearer/bearer/pkg/util/url/url.go:456.85,462.2 4 1
github.com/bearer/bearer/pkg/util/url/url.go:464.53,467.2 2 1
github.com/bearer/bearer/pkg/util/url/url.go:469.34,470.16 1 1
github.com/bearer/bearer/pkg/util/url/url.go:474.2,474.108 1 1
github.com/bearer/bearer/pkg/util/url/url.go:470.16,472.3 1 1
github.com/bearer/bearer/pkg/util/url/url.go:477.46,478.16 1 1
github.com/bearer/bearer/pkg/util/url/url.go:482.2,482.72 1 1
github.com/bearer/bearer/pkg/util/url/url.go:478.16,480.3 1 1
github.com/bearer/bearer/pkg/report/output/security/formatter.go:26.159,34.2 1 0
github.com/bearer/bearer/pkg/report/output/security/formatter.go:36.70,37.16 1 0
github.com/bearer/bearer/pkg/report/output/security/formatter.go:76.2,76.20 1 0
github.com/bearer/bearer/pkg/report/output/security/formatter.go:38.24,40.22 2 0
github.com/bearer/bearer/pkg/report/output/security/formatter.go:41.24,43.22 2 0
github.com/bearer/bearer/pkg/report/output/security/formatter.go:46.3,46.48 1 0
github.com/bearer/bearer/pkg/report/output/security/formatter.go:47.28,49.26 2 0
github.com/bearer/bearer/pkg/report/output/security/formatter.go:52.3,52.47 1 0
github.com/bearer/bearer/pkg/report/output/security/formatter.go:53.29,55.21 2 0
github.com/bearer/bearer/pkg/report/output/security/formatter.go:58.3,58.47 1 0
github.com/bearer/bearer/pkg/report/output/security/formatter.go:59.23,60.67 1 0
github.com/bearer/bearer/pkg/report/output/security/formatter.go:61.23,62.67 1 0
github.com/bearer/bearer/pkg/report/output/security/formatter.go:63.23,66.25 3 0
github.com/bearer/bearer/pkg/report/output/security/formatter.go:70.3,71.17 2 0
github.com/bearer/bearer/pkg/report/output/security/formatter.go:43.22,45.4 1 0
github.com/bearer/bearer/pkg/report/output/security/formatter.go:49.26,51.4 1 0
github.com/bearer/bearer/pkg/report/output/security/formatter.go:55.21,57.4 1 0
github.com/bearer/bearer/pkg/report/output/security/formatter.go:66.25,68.4 1 0
github.com/bearer/bearer/pkg/report/output/security/formatter.go:71.17,73.4 1 0
github.com/bearer/bearer/pkg/report/output/security/security.go:84.9,87.24 3 1
github.com/bearer/bearer/pkg/report/output/security/security.go:91.2,92.16 2 1
github.com/bearer/bearer/pkg/report/output/security/security.go:95.2,96.16 2 1
github.com/bearer/bearer/pkg/report/output/security/security.go:100.2,100.24 1 1
github.com/bearer/bearer/pkg/report/output/security/security.go:105.2,106.55 2 1
github.com/bearer/bearer/pkg/report/output/security/security.go:112.2,114.12 3 1
github.com/bearer/bearer/pkg/report/output/security/security.go:87.24,89.3 1 1
github.com/bearer/bearer/pkg/report/output/security/security.go:92.16,94.3 1 0
github.com/bearer/bearer/pkg/report/output/security/security.go:96.16,98.3 1 0
github.com/bearer/bearer/pkg/report/output/security/security.go:100.24,102.3 1 1
github.com/bearer/bearer/pkg/report/output/security/security.go:106.55,107.70 1 1
github.com/bearer/bearer/pkg/report/output/security/security.go:107.70,109.4 1 1
github.com/bearer/bearer/pkg/report/output/security/security.go:124.21,128.14 3 1
github.com/bearer/bearer/pkg/report/output/security/security.go:132.2,134.52 2 1
github.com/bearer/bearer/pkg/report/output/security/security.go:242.2,244.47 2 1
github.com/bearer/bearer/pkg/report/output/security/security.go:248.2,248.53 1 1
github.com/bearer/bearer/pkg/report/output/security/security.go:252.2,252.26 1 1
github.com/bearer/bearer/pkg/report/output/security/security.go:128.14,130.3 1 1
github.com/bearer/bearer/pkg/report/output/security/security.go:134.52,135.15 1 1
github.com/bearer/bearer/pkg/report/output/security/security.go:142.3,142.25 1 1
github.com/bearer/bearer/pkg/report/output/security/security.go:146.3,157.17 3 1
github.com/bearer/bearer/pkg/report/output/security/security.go:161.3,161.18 1 1
github.com/bearer/bearer/pkg/report/output/security/security.go:135.15,137.18 2 1
github.com/bearer/bearer/pkg/report/output/security/security.go:137.18,139.5 1 0
github.com/bearer/bearer/pkg/report/output/security/security.go:142.25,143.12 1 1
github.com/bearer/bearer/pkg/report/output/security/security.go:157.17,159.4 1 0
github.com/bearer/bearer/pkg/report/output/security/security.go:161.18,163.18 2 1
github.com/bearer/bearer/pkg/report/output/security/security.go:167.4,169.18 3 1
github.com/bearer/bearer/pkg/report/output/security/security.go:173.4,185.42 5 1
github.com/bearer/bearer/pkg/report/output/security/security.go:163.18,165.5 1 0
github.com/bearer/bearer/pkg/report/output/security/security.go:169.18,171.5 1 0
github.com/bearer/bearer/pkg/report/output/security/security.go:185.42,187.95 1 1
github.com/bearer/bearer/pkg/report/output/security/security.go:191.5,197.61 7 1
github.com/bearer/bearer/pkg/report/output/security/security.go:203.5,203.54 1 1
github.com/bearer/bearer/pkg/report/output/security/security.go:210.5,234.41 6 1
github.com/bearer/bearer/pkg/report/output/security/security.go:187.95,188.14 1 0
github.com/bearer/bearer/pkg/report/output/security/security.go:197.61,200.14 2 0
github.com/bearer/bearer/pkg/report/output/security/security.go:203.54,206.14 2 0
github.com/bearer/bearer/pkg/report/output/security/security.go:234.41,237.6 2 1
github.com/bearer/bearer/pkg/report/output/security/security.go:244.47,246.3 1 1
github.com/bearer/bearer/pkg/report/output/security/security.go:248.53,250.3 1 1
github.com/bearer/bearer/pkg/report/output/security/security.go:255.149,261.109 2 1
github.com/bearer/bearer/pkg/report/output/security/security.go:261.109,264.42 2 0
github.com/bearer/bearer/pkg/report/output/security/security.go:268.3,268.40 1 0
github.com/bearer/bearer/pkg/report/output/security/security.go:276.3,276.34 1 0
github.com/bearer/bearer/pkg/report/output/security/security.go:293.3,293.62 1 0
github.com/bearer/bearer/pkg/report/output/security/security.go:264.42,266.4 1 0
github.com/bearer/bearer/pkg/report/output/security/security.go:268.40,270.57 2 0
github.com/bearer/bearer/pkg/report/output/security/security.go:270.57,272.5 1 0
github.com/bearer/bearer/pkg/report/output/security/security.go:276.34,278.53 2 0
github.com/bearer/bearer/pkg/report/output/security/security.go:278.53,280.12 2 0
github.com/bearer/bearer/pkg/report/output/security/security.go:285.5,285.35 1 0
github.com/bearer/bearer/pkg/report/output/security/security.go:290.5,290.147 1 0
github.com/bearer/bearer/pkg/report/output/security/security.go:280.12,282.14 1 0
github.com/bearer/bearer/pkg/report/output/security/security.go:285.35,287.6 1 0
github.com/bearer/bearer/pkg/report/output/security/security.go:287.11,289.6 1 0
github.com/bearer/bearer/pkg/report/output/security/security.go:300.81,303.47 2 1
github.com/bearer/bearer/pkg/report/output/security/security.go:310.2,311.47 2 1
github.com/bearer/bearer/pkg/report/output/security/security.go:318.2,318.92 1 1
github.com/bearer/bearer/pkg/report/output/security/security.go:303.47,304.58 1 0
github.com/bearer/bearer/pkg/report/output/security/security.go:304.58,306.4 1 0
github.com/bearer/bearer/pkg/report/output/security/security.go:311.47,312.58 1 0
github.com/bearer/bearer/pkg/report/output/security/security.go:312.58,314.4 1 0
github.com/bearer/bearer/pkg/report/output/security/security.go:321.52,323.38 2 1
github.com/bearer/bearer/pkg/report/output/security/security.go:327.2,327.34 1 1
github.com/bearer/bearer/pkg/report/output/security/security.go:323.38,325.3 1 0
github.com/bearer/bearer/pkg/report/output/security/security.go:330.134,337.44 5 1
github.com/bearer/bearer/pkg/report/output/security/security.go:341.2,349.30 2 1
github.com/bearer/bearer/pkg/report/output/security/security.go:353.2,361.54 2 1
github.com/bearer/bearer/pkg/report/output/security/security.go:370.2,370.30 1 1
github.com/bearer/bearer/pkg/report/output/security/security.go:374.2,376.22 2 1
github.com/bearer/bearer/pkg/report/output/security/security.go:381.2,385.26 3 1
github.com/bearer/bearer/pkg/report/output/security/security.go:389.2,391.18 2 1
github.com/bearer/bearer/pkg/report/output/security/security.go:337.44,339.3 1 0
github.com/bearer/bearer/pkg/report/output/security/security.go:349.30,351.3 1 1
github.com/bearer/bearer/pkg/report/output/security/security.go:361.54,362.72 1 1
github.com/bearer/bearer/pkg/report/output/security/security.go:362.72,363.45 1 1
github.com/bearer/bearer/pkg/report/output/security/security.go:366.4,366.59 1 1
github.com/bearer/bearer/pkg/report/output/security/security.go:363.45,365.5 1 1
github.com/bearer/bearer/pkg/report/output/security/security.go:370.30,372.3 1 0
github.com/bearer/bearer/pkg/report/output/security/security.go:376.22,379.3 2 0
github.com/bearer/bearer/pkg/report/output/security/security.go:385.26,387.3 1 1
github.com/bearer/bearer/pkg/report/output/security/security.go:394.101,395.42 1 1
github.com/bearer/bearer/pkg/report/output/security/security.go:403.2,404.36 2 1
github.com/bearer/bearer/pkg/report/output/security/security.go:414.2,415.18 2 1
github.com/bearer/bearer/pkg/report/output/security/security.go:426.2,427.23 2 1
github.com/bearer/bearer/pkg/report/output/security/security.go:431.2,433.9 3 1
github.com/bearer/bearer/pkg/report/output/security/security.go:444.2,452.3 1 1
github.com/bearer/bearer/pkg/report/output/security/security.go:395.42,400.3 1 1
github.com/bearer/bearer/pkg/report/output/security/security.go:404.36,406.3 1 1
github.com/bearer/bearer/pkg/report/output/security/security.go:406.8,406.65 1 1
github.com/bearer/bearer/pkg/report/output/security/security.go:406.65,408.3 1 1
github.com/bearer/bearer/pkg/report/output/security/security.go:408.8,408.53 1 1
github.com/bearer/bearer/pkg/report/output/security/security.go:408.53,410.3 1 1
github.com/bearer/bearer/pkg/report/output/security/security.go:410.8,410.43 1 0
github.com/bearer/bearer/pkg/report/output/security/security.go:410.43,412.3 1 0
github.com/bearer/bearer/pkg/report/output/security/security.go:416.33,417.28 1 0
github.com/bearer/bearer/pkg/report/output/security/security.go:418.29,419.28 1 0
github.com/bearer/bearer/pkg/report/output/security/security.go:420.31,421.28 1 1
github.com/bearer/bearer/pkg/report/output/security/security.go:422.10,423.28 1 1
github.com/bearer/bearer/pkg/report/output/security/security.go:427.23,429.3 1 1
github.com/bearer/bearer/pkg/report/output/security/security.go:434.27,435.46 1 1
github.com/bearer/bearer/pkg/report/output/security/security.go:436.27,437.42 1 1
github.com/bearer/bearer/pkg/report/output/security/security.go:438.27,439.44 1 1
github.com/bearer/bearer/pkg/report/output/security/security.go:440.10,441.41 1 0
github.com/bearer/bearer/pkg/report/output/security/security.go:460.3,461.82 1 0
github.com/bearer/bearer/pkg/report/output/security/security.go:464.2,464.46 1 0
github.com/bearer/bearer/pkg/report/output/security/security.go:461.82,463.3 1 0
github.com/bearer/bearer/pkg/report/output/security/security.go:464.46,468.3 3 0
github.com/bearer/bearer/pkg/report/output/security/security.go:477.7,482.58 3 1
github.com/bearer/bearer/pkg/report/output/security/security.go:491.2,493.25 2 1
github.com/bearer/bearer/pkg/report/output/security/security.go:497.2,499.42 2 1
github.com/bearer/bearer/pkg/report/output/security/security.go:503.2,506.48 3 1
github.com/bearer/bearer/pkg/report/output/security/security.go:509.2,509.37 1 1
github.com/bearer/bearer/pkg/report/output/security/security.go:514.2,516.23 2 1
github.com/bearer/bearer/pkg/report/output/security/security.go:482.58,483.50 1 0
github.com/bearer/bearer/pkg/report/output/security/security.go:483.50,486.4 2 0
github.com/bearer/bearer/pkg/report/output/security/security.go:486.9,488.4 1 0
github.com/bearer/bearer/pkg/report/output/security/security.go:493.25,496.3 2 1
github.com/bearer/bearer/pkg/report/output/security/security.go:499.42,501.3 1 1
github.com/bearer/bearer/pkg/report/output/security/security.go:506.48,508.3 1 0
github.com/bearer/bearer/pkg/report/output/security/security.go:509.37,510.55 1 1
github.com/bearer/bearer/pkg/report/output/security/security.go:510.55,512.4 1 0
github.com/bearer/bearer/pkg/report/output/security/security.go:522.3,523.26 1 1
github.com/bearer/bearer/pkg/report/output/security/security.go:523.26,524.33 1 0
github.com/bearer/bearer/pkg/report/output/security/security.go:524.33,526.4 1 0
github.com/bearer/bearer/pkg/report/output/security/security.go:526.9,528.4 1 0
github.com/bearer/bearer/pkg/report/output/security/security.go:541.3,545.25 3 1
github.com/bearer/bearer/pkg/report/output/security/security.go:600.2,600.59 1 1
github.com/bearer/bearer/pkg/report/output/security/security.go:545.25,547.25 2 1
github.com/bearer/bearer/pkg/report/output/security/security.go:551.3,553.34 2 1
github.com/bearer/bearer/pkg/report/output/security/security.go:563.3,563.19 1 1
github.com/bearer/bearer/pkg/report/output/security/security.go:568.3,571.61 3 1
github.com/bearer/bearer/pkg/report/output/security/security.go:547.25,548.12 1 1
github.com/bearer/bearer/pkg/report/output/security/security.go:553.34,555.4 1 1
github.com/bearer/bearer/pkg/report/output/security/security.go:555.9,555.57 1 1
github.com/bearer/bearer/pkg/report/output/security/security.go:555.57,556.39 1 1
github.com/bearer/bearer/pkg/report/output/security/security.go:556.39,558.5 1 0
github.com/bearer/bearer/pkg/report/output/security/security.go:558.10,560.5 1 1
github.com/bearer/bearer/pkg/report/output/security/security.go:563.19,564.12 1 1
github.com/bearer/bearer/pkg/report/output/security/security.go:571.61,572.19 1 1
github.com/bearer/bearer/pkg/report/output/security/security.go:572.19,573.26 1 1
github.com/bearer/bearer/pkg/report/output/security/security.go:576.5,577.50 2 1
github.com/bearer/bearer/pkg/report/output/security/security.go:573.26,575.6 1 0
github.com/bearer/bearer/pkg/report/output/security/security.go:578.10,581.5 2 1
github.com/bearer/bearer/pkg/report/output/security/security.go:582.9,583.19 1 1
github.com/bearer/bearer/pkg/report/output/security/security.go:583.19,584.26 1 1
github.com/bearer/bearer/pkg/report/output/security/security.go:587.5,590.6 1 1
github.com/bearer/bearer/pkg/report/output/security/security.go:584.26,586.6 1 1
github.com/bearer/bearer/pkg/report/output/security/security.go:591.10,596.5 1 0
github.com/bearer/bearer/pkg/report/output/security/security.go:603.70,607.2 3 0
github.com/bearer/bearer/pkg/report/output/security/security.go:615.8,618.24 2 1
github.com/bearer/bearer/pkg/report/output/security/security.go:623.2,625.62 3 1
github.com/bearer/bearer/pkg/report/output/security/security.go:633.2,633.44 1 1
github.com/bearer/bearer/pkg/report/output/security/security.go:637.2,640.54 3 1
github.com/bearer/bearer/pkg/report/output/security/security.go:654.2,656.14 2 1
github.com/bearer/bearer/pkg/report/output/security/security.go:618.24,620.3 1 0
github.com/bearer/bearer/pkg/report/output/security/security.go:625.62,626.48 1 1
github.com/bearer/bearer/pkg/report/output/security/security.go:630.3,630.47 1 1
github.com/bearer/bearer/pkg/report/output/security/security.go:626.48,628.12 2 1
github.com/bearer/bearer/pkg/report/output/security/security.go:633.44,635.3 1 0
github.com/bearer/bearer/pkg/report/output/security/security.go:640.54,641.41 1 1
github.com/bearer/bearer/pkg/report/output/security/security.go:644.3,645.39 2 1
github.com/bearer/bearer/pkg/report/output/security/security.go:641.41,642.12 1 0
github.com/bearer/bearer/pkg/report/output/security/security.go:645.39,648.24 3 1
github.com/bearer/bearer/pkg/report/output/security/security.go:648.24,650.5 1 1
github.com/bearer/bearer/pkg/report/output/security/security.go:659.95,664.18 5 1
github.com/bearer/bearer/pkg/report/output/security/security.go:671.2,673.36 2 1
github.com/bearer/bearer/pkg/report/output/security/security.go:677.2,679.35 3 1
github.com/bearer/bearer/pkg/report/output/security/security.go:682.2,685.55 3 1
github.com/bearer/bearer/pkg/report/output/security/security.go:664.18,666.33 2 1
github.com/bearer/bearer/pkg/report/output/security/security.go:669.3,669.73 1 1
github.com/bearer/bearer/pkg/report/output/security/security.go:666.33,668.4 1 1
github.com/bearer/bearer/pkg/report/output/security/security.go:673.36,675.3 1 1
github.com/bearer/bearer/pkg/report/output/security/security.go:679.35,681.3 1 0
github.com/bearer/bearer/pkg/report/output/security/security.go:688.45,690.9 2 1
github.com/bearer/bearer/pkg/report/output/security/security.go:693.2,693.58 1 1
github.com/bearer/bearer/pkg/report/output/security/security.go:690.9,692.3 1 0
github.com/bearer/bearer/pkg/report/output/security/security.go:697.83,709.49 4 1
github.com/bearer/bearer/pkg/report/output/security/security.go:727.2,727.21 1 1
github.com/bearer/bearer/pkg/report/output/security/security.go:709.49,711.19 2 1
github.com/bearer/bearer/pkg/report/output/security/security.go:715.3,715.41 1 1
github.com/bearer/bearer/pkg/report/output/security/security.go:711.19,712.12 1 1
github.com/bearer/bearer/pkg/report/output/security/security.go:715.41,721.35 2 1
github.com/bearer/bearer/pkg/report/output/security/security.go:721.35,723.5 1 1
github.com/bearer/bearer/pkg/report/output/security/security.go:730.41,731.39 1 1
github.com/bearer/bearer/pkg/report/output/security/security.go:731.39,735.54 3 0
github.com/bearer/bearer/pkg/report/output/security/security.go:738.3,738.54 1 0
github.com/bearer/bearer/pkg/report/output/security/security.go:742.3,742.56 1 0
github.com/bearer/bearer/pkg/report/output/security/security.go:745.3,745.56 1 0
github.com/bearer/bearer/pkg/report/output/security/security.go:749.3,749.60 1 0
github.com/bearer/bearer/pkg/report/output/security/security.go:752.3,752.60 1 0
github.com/bearer/bearer/pkg/report/output/security/security.go:756.3,756.72 1 0
github.com/bearer/bearer/pkg/report/output/security/security.go:759.3,759.72 1 0
github.com/bearer/bearer/pkg/report/output/security/security.go:763.3,763.66 1 0
github.com/bearer/bearer/pkg/report/output/security/security.go:767.3,767.15 1 0
github.com/bearer/bearer/pkg/report/output/security/security.go:735.54,737.4 1 0
github.com/bearer/bearer/pkg/report/output/security/security.go:738.54,740.4 1 0
github.com/bearer/bearer/pkg/report/output/security/security.go:742.56,744.4 1 0
github.com/bearer/bearer/pkg/report/output/security/security.go:745.56,747.4 1 0
github.com/bearer/bearer/pkg/report/output/security/security.go:749.60,751.4 1 0
github.com/bearer/bearer/pkg/report/output/security/security.go:752.60,754.4 1 0
github.com/bearer/bearer/pkg/report/output/security/security.go:756.72,758.4 1 0
github.com/bearer/bearer/pkg/report/output/security/security.go:759.72,761.4 1 0
github.com/bearer/bearer/pkg/report/output/security/security.go:763.66,765.4 1 0
github.com/bearer/bearer/pkg/report/output/security/security.go:771.41,772.42 1 1
github.com/bearer/bearer/pkg/report/output/security/security.go:772.42,774.3 1 0
github.com/bearer/bearer/pkg/report/output/security/security.go:777.85,787.16 2 1
github.com/bearer/bearer/pkg/report/output/security/security.go:791.2,791.13 1 0
github.com/bearer/bearer/pkg/report/output/security/security.go:787.16,789.3 1 1
